<?xml version="1.0" encoding="UTF-8"?>
<coverage generated="1784178353663" clover="3.2.0">
  <project timestamp="1784178353664" name="All files">
    <metrics statements="626" coveredstatements="431" conditionals="336" coveredconditionals="188" methods="124" coveredmethods="89" elements="1086" coveredelements="708" complexity="0" loc="626" ncloc="626" packages="1" files="8" classes="8"/>
    <file name="cache.ts" path="/home/wangy/dev/replyflow-mcp/src/cache.ts">
      <metrics statements="31" coveredstatements="29" conditionals="16" coveredconditionals="11" methods="9" coveredmethods="9"/>
      <line num="10" count="4" type="stmt"/>
      <line num="11" count="4" type="cond" truecount="1" falsecount="1"/>
      <line num="12" count="0" type="stmt"/>
      <line num="13" count="0" type="cond" truecount="0" falsecount="4"/>
      <line num="15" count="4" type="stmt"/>
      <line num="28" count="26" type="stmt"/>
      <line num="32" count="26" type="cond" truecount="2" falsecount="0"/>
      <line num="40" count="37" type="stmt"/>
      <line num="41" count="37" type="cond" truecount="2" falsecount="0"/>
      <line num="42" count="19" type="stmt"/>
      <line num="43" count="19" type="stmt"/>
      <line num="45" count="18" type="cond" truecount="2" falsecount="0"/>
      <line num="46" count="4" type="stmt"/>
      <line num="47" count="4" type="stmt"/>
      <line num="48" count="4" type="stmt"/>
      <line num="50" count="14" type="stmt"/>
      <line num="51" count="14" type="stmt"/>
      <line num="58" count="34" type="cond" truecount="2" falsecount="0"/>
      <line num="59" count="34" type="stmt"/>
      <line num="63" count="34" type="stmt"/>
      <line num="70" count="3" type="stmt"/>
      <line num="71" count="3" type="stmt"/>
      <line num="78" count="21" type="stmt"/>
      <line num="79" count="21" type="stmt"/>
      <line num="80" count="21" type="stmt"/>
      <line num="87" count="2" type="stmt"/>
      <line num="95" count="3" type="stmt"/>
      <line num="96" count="5" type="cond" truecount="2" falsecount="0"/>
      <line num="97" count="2" type="stmt"/>
      <line num="106" count="8" type="stmt"/>
      <line num="113" count="4" type="stmt"/>
    </file>
    <file name="config.ts" path="/home/wangy/dev/replyflow-mcp/src/config.ts">
      <metrics statements="62" coveredstatements="40" conditionals="30" coveredconditionals="19" methods="9" coveredmethods="8"/>
      <line num="59" count="5" type="stmt"/>
      <line num="72" count="5" type="stmt"/>
      <line num="73" count="5" type="stmt"/>
      <line num="74" count="5" type="stmt"/>
      <line num="83" count="5" type="stmt"/>
      <line num="84" count="5" type="cond" truecount="2" falsecount="0"/>
      <line num="85" count="4" type="stmt"/>
      <line num="86" count="4" type="cond" truecount="2" falsecount="0"/>
      <line num="91" count="2" type="stmt"/>
      <line num="99" count="2" type="cond" truecount="2" falsecount="0"/>
      <line num="100" count="1" type="stmt"/>
      <line num="102" count="2" type="stmt"/>
      <line num="105" count="2" type="stmt"/>
      <line num="106" count="2" type="stmt"/>
      <line num="107" count="2" type="stmt"/>
      <line num="121" count="9" type="stmt"/>
      <line num="131" count="8" type="stmt"/>
      <line num="143" count="29" type="cond" truecount="2" falsecount="0"/>
      <line num="144" count="7" type="stmt"/>
      <line num="147" count="22" type="stmt"/>
      <line num="148" count="22" type="stmt"/>
      <line num="149" count="22" type="stmt"/>
      <line num="150" count="22" type="stmt"/>
      <line num="152" count="3" type="stmt"/>
      <line num="155" count="3" type="stmt"/>
      <line num="162" count="12" type="stmt"/>
      <line num="163" count="12" type="stmt"/>
      <line num="165" count="12" type="cond" truecount="2" falsecount="0"/>
      <line num="166" count="3" type="stmt"/>
      <line num="169" count="12" type="stmt"/>
      <line num="170" count="12" type="stmt"/>
      <line num="192" count="2" type="stmt"/>
      <line num="193" count="2" type="stmt"/>
      <line num="199" count="2" type="stmt"/>
      <line num="210" count="0" type="cond" truecount="0" falsecount="2"/>
      <line num="212" count="0" type="cond" truecount="0" falsecount="4"/>
      <line num="213" count="0" type="stmt"/>
      <line num="214" count="0" type="stmt"/>
      <line num="215" count="0" type="stmt"/>
      <line num="216" count="0" type="stmt"/>
      <line num="218" count="0" type="cond" truecount="0" falsecount="2"/>
      <line num="219" count="0" type="stmt"/>
      <line num="220" count="0" type="stmt"/>
      <line num="221" count="0" type="stmt"/>
      <line num="222" count="0" type="stmt"/>
      <line num="226" count="0" type="cond" truecount="0" falsecount="2"/>
      <line num="227" count="0" type="stmt"/>
      <line num="228" count="0" type="stmt"/>
      <line num="229" count="0" type="stmt"/>
      <line num="230" count="0" type="stmt"/>
      <line num="234" count="0" type="stmt"/>
      <line num="235" count="0" type="stmt"/>
      <line num="236" count="0" type="stmt"/>
      <line num="237" count="0" type="stmt"/>
      <line num="238" count="0" type="stmt"/>
      <line num="241" count="0" type="stmt"/>
      <line num="253" count="15" type="stmt"/>
      <line num="254" count="15" type="cond" truecount="2" falsecount="0"/>
      <line num="258" count="4" type="stmt"/>
      <line num="260" count="11" type="cond" truecount="4" falsecount="0"/>
      <line num="261" count="9" type="stmt"/>
      <line num="263" count="2" type="stmt"/>
    </file>
    <file name="errors.ts" path="/home/wangy/dev/replyflow-mcp/src/errors.ts">
      <metrics statements="45" coveredstatements="45" conditionals="55" coveredconditionals="52" methods="8" coveredmethods="8"/>
      <line num="15" count="44" type="stmt"/>
      <line num="16" count="44" type="stmt"/>
      <line num="30" count="6" type="stmt"/>
      <line num="31" count="6" type="stmt"/>
      <line num="32" count="6" type="stmt"/>
      <line num="41" count="8" type="stmt"/>
      <line num="42" count="8" type="stmt"/>
      <line num="51" count="7" type="stmt"/>
      <line num="52" count="7" type="stmt"/>
      <line num="65" count="10" type="stmt"/>
      <line num="66" count="10" type="stmt"/>
      <line num="67" count="10" type="stmt"/>
      <line num="76" count="3" type="stmt"/>
      <line num="77" count="3" type="stmt"/>
      <line num="99" count="28" type="cond" truecount="2" falsecount="0"/>
      <line num="100" count="10" type="stmt"/>
      <line num="101" count="10" type="stmt"/>
      <line num="104" count="10" type="cond" truecount="2" falsecount="0"/>
      <line num="105" count="1" type="stmt"/>
      <line num="112" count="9" type="cond" truecount="4" falsecount="0"/>
      <line num="113" count="6" type="stmt"/>
      <line num="117" count="3" type="cond" truecount="2" falsecount="0"/>
      <line num="118" count="2" type="stmt"/>
      <line num="124" count="1" type="stmt"/>
      <line num="131" count="18" type="cond" truecount="4" falsecount="0"/>
      <line num="132" count="1" type="stmt"/>
      <line num="136" count="17" type="cond" truecount="4" falsecount="0"/>
      <line num="137" count="14" type="stmt"/>
      <line num="140" count="14" type="cond" truecount="2" falsecount="0"/>
      <line num="150" count="6" type="stmt"/>
      <line num="156" count="8" type="cond" truecount="2" falsecount="0"/>
      <line num="163" count="5" type="stmt"/>
      <line num="169" count="3" type="stmt"/>
      <line num="177" count="3" type="cond" truecount="2" falsecount="0"/>
      <line num="187" count="15" type="cond" truecount="2" falsecount="0"/>
      <line num="188" count="3" type="stmt"/>
      <line num="190" count="12" type="cond" truecount="2" falsecount="0"/>
      <line num="191" count="3" type="stmt"/>
      <line num="193" count="9" type="cond" truecount="2" falsecount="0"/>
      <line num="194" count="2" type="stmt"/>
      <line num="196" count="7" type="cond" truecount="2" falsecount="0"/>
      <line num="197" count="2" type="stmt"/>
      <line num="199" count="5" type="cond" truecount="2" falsecount="0"/>
      <line num="200" count="2" type="stmt"/>
      <line num="202" count="3" type="stmt"/>
    </file>
    <file name="history.ts" path="/home/wangy/dev/replyflow-mcp/src/history.ts">
      <metrics statements="70" coveredstatements="63" conditionals="41" coveredconditionals="31" methods="23" coveredmethods="21"/>
      <line num="22" count="3" type="stmt"/>
      <line num="23" count="3" type="stmt"/>
      <line num="30" count="21" type="cond" truecount="2" falsecount="0"/>
      <line num="31" count="5" type="stmt"/>
      <line num="36" count="56" type="cond" truecount="2" falsecount="0"/>
      <line num="37" count="13" type="stmt"/>
      <line num="38" count="13" type="stmt"/>
      <line num="40" count="43" type="stmt"/>
      <line num="41" count="43" type="stmt"/>
      <line num="42" count="43" type="stmt"/>
      <line num="43" count="43" type="stmt"/>
      <line num="44" count="43" type="stmt"/>
      <line num="46" count="4" type="stmt"/>
      <line num="49" count="4" type="stmt"/>
      <line num="54" count="21" type="stmt"/>
      <line num="55" count="21" type="stmt"/>
      <line num="59" count="14" type="cond" truecount="2" falsecount="0"/>
      <line num="60" count="4" type="stmt"/>
      <line num="77" count="14" type="stmt"/>
      <line num="78" count="14" type="stmt"/>
      <line num="79" count="14" type="stmt"/>
      <line num="90" count="14" type="stmt"/>
      <line num="91" count="14" type="stmt"/>
      <line num="92" count="14" type="stmt"/>
      <line num="95" count="14" type="stmt"/>
      <line num="107" count="14" type="stmt"/>
      <line num="110" count="14" type="stmt"/>
      <line num="111" count="95" type="stmt"/>
      <line num="114" count="14" type="cond" truecount="2" falsecount="0"/>
      <line num="115" count="8" type="stmt"/>
      <line num="118" count="14" type="cond" truecount="2" falsecount="0"/>
      <line num="119" count="14" type="stmt"/>
      <line num="122" count="14" type="stmt"/>
      <line num="129" count="5" type="stmt"/>
      <line num="130" count="7" type="stmt"/>
      <line num="156" count="11" type="cond" truecount="1" falsecount="1"/>
      <line num="158" count="0" type="stmt"/>
      <line num="160" count="0" type="stmt"/>
      <line num="161" count="0" type="stmt"/>
      <line num="162" count="0" type="cond" truecount="0" falsecount="4"/>
      <line num="163" count="0" type="stmt"/>
      <line num="165" count="0" type="stmt"/>
      <line num="170" count="0" type="stmt"/>
      <line num="174" count="11" type="stmt"/>
      <line num="175" count="15" type="cond" truecount="2" falsecount="0"/>
      <line num="176" count="11" type="stmt"/>
      <line num="178" count="11" type="stmt"/>
      <line num="179" count="12" type="stmt"/>
      <line num="180" count="12" type="cond" truecount="2" falsecount="0"/>
      <line num="182" count="10" type="stmt"/>
      <line num="185" count="10" type="stmt"/>
      <line num="187" count="8" type="cond" truecount="3" falsecount="0"/>
      <line num="192" count="10" type="cond" truecount="2" falsecount="0"/>
      <line num="193" count="5" type="stmt"/>
      <line num="194" count="5" type="stmt"/>
      <line num="198" count="11" type="cond" truecount="2" falsecount="0"/>
      <line num="199" count="4" type="stmt"/>
      <line num="200" count="4" type="stmt"/>
      <line num="203" count="11" type="stmt"/>
      <line num="210" count="7" type="stmt"/>
      <line num="211" count="7" type="stmt"/>
      <line num="212" count="10" type="stmt"/>
      <line num="214" count="1" type="stmt"/>
      <line num="226" count="5" type="stmt"/>
      <line num="227" count="5" type="stmt"/>
      <line num="228" count="5" type="cond" truecount="2" falsecount="0"/>
      <line num="230" count="3" type="stmt"/>
      <line num="231" count="3" type="stmt"/>
      <line num="232" count="3" type="stmt"/>
      <line num="240" count="3" type="stmt"/>
    </file>
    <file name="index.ts" path="/home/wangy/dev/replyflow-mcp/src/index.ts">
      <metrics statements="150" coveredstatements="0" conditionals="96" coveredconditionals="0" methods="31" coveredmethods="0"/>
      <line num="35" count="0" type="stmt"/>
      <line num="36" count="0" type="stmt"/>
      <line num="38" count="0" type="stmt"/>
      <line num="44" count="0" type="stmt"/>
      <line num="48" count="0" type="stmt"/>
      <line num="49" count="0" type="stmt"/>
      <line num="50" count="0" type="cond" truecount="0" falsecount="2"/>
      <line num="54" count="0" type="stmt"/>
      <line num="58" count="0" type="stmt"/>
      <line num="62" count="0" type="stmt"/>
      <line num="68" count="0" type="stmt"/>
      <line num="81" count="0" type="stmt"/>
      <line num="82" count="0" type="stmt"/>
      <line num="83" count="0" type="stmt"/>
      <line num="86" count="0" type="cond" truecount="0" falsecount="2"/>
      <line num="87" count="0" type="stmt"/>
      <line num="90" count="0" type="cond" truecount="0" falsecount="2"/>
      <line num="91" count="0" type="stmt"/>
      <line num="94" count="0" type="stmt"/>
      <line num="95" count="0" type="cond" truecount="0" falsecount="2"/>
      <line num="96" count="0" type="stmt"/>
      <line num="100" count="0" type="stmt"/>
      <line num="111" count="0" type="stmt"/>
      <line num="126" count="0" type="stmt"/>
      <line num="135" count="0" type="stmt"/>
      <line num="136" count="0" type="stmt"/>
      <line num="137" count="0" type="stmt"/>
      <line num="140" count="0" type="stmt"/>
      <line num="141" count="0" type="cond" truecount="0" falsecount="4"/>
      <line num="142" count="0" type="stmt"/>
      <line num="143" count="0" type="cond" truecount="0" falsecount="2"/>
      <line num="144" count="0" type="stmt"/>
      <line num="149" count="0" type="stmt"/>
      <line num="163" count="0" type="stmt"/>
      <line num="171" count="0" type="stmt"/>
      <line num="195" count="0" type="stmt"/>
      <line num="196" count="0" type="cond" truecount="0" falsecount="2"/>
      <line num="197" count="0" type="stmt"/>
      <line num="205" count="0" type="stmt"/>
      <line num="224" count="0" type="stmt"/>
      <line num="260" count="0" type="stmt"/>
      <line num="261" count="0" type="stmt"/>
      <line num="264" count="0" type="cond" truecount="0" falsecount="2"/>
      <line num="265" count="0" type="stmt"/>
      <line num="268" count="0" type="cond" truecount="0" falsecount="2"/>
      <line num="274" count="0" type="stmt"/>
      <line num="275" count="0" type="stmt"/>
      <line num="277" count="0" type="cond" truecount="0" falsecount="2"/>
      <line num="278" count="0" type="stmt"/>
      <line num="298" count="0" type="stmt"/>
      <line num="302" count="0" type="cond" truecount="0" falsecount="2"/>
      <line num="303" count="0" type="stmt"/>
      <line num="306" count="0" type="cond" truecount="0" falsecount="2"/>
      <line num="307" count="0" type="stmt"/>
      <line num="310" count="0" type="cond" truecount="0" falsecount="2"/>
      <line num="311" count="0" type="stmt"/>
      <line num="314" count="0" type="cond" truecount="0" falsecount="2"/>
      <line num="315" count="0" type="stmt"/>
      <line num="329" count="0" type="stmt"/>
      <line num="330" count="0" type="stmt"/>
      <line num="332" count="0" type="cond" truecount="0" falsecount="2"/>
      <line num="336" count="0" type="stmt"/>
      <line num="359" count="0" type="stmt"/>
      <line num="360" count="0" type="stmt"/>
      <line num="361" count="0" type="stmt"/>
      <line num="362" count="0" type="stmt"/>
      <line num="363" count="0" type="stmt"/>
      <line num="365" count="0" type="cond" truecount="0" falsecount="2"/>
      <line num="369" count="0" type="stmt"/>
      <line num="398" count="0" type="stmt"/>
      <line num="406" count="0" type="stmt"/>
      <line num="407" count="0" type="stmt"/>
      <line num="410" count="0" type="stmt"/>
      <line num="413" count="0" type="stmt"/>
      <line num="415" count="0" type="stmt"/>
      <line num="433" count="0" type="stmt"/>
      <line num="448" count="0" type="stmt"/>
      <line num="449" count="0" type="stmt"/>
      <line num="454" count="0" type="stmt"/>
      <line num="471" count="0" type="stmt"/>
      <line num="482" count="0" type="stmt"/>
      <line num="484" count="0" type="cond" truecount="0" falsecount="2"/>
      <line num="485" count="0" type="stmt"/>
      <line num="486" count="0" type="cond" truecount="0" falsecount="2"/>
      <line num="487" count="0" type="stmt"/>
      <line num="499" count="0" type="stmt"/>
      <line num="517" count="0" type="stmt"/>
      <line num="518" count="0" type="stmt"/>
      <line num="521" count="0" type="stmt"/>
      <line num="523" count="0" type="stmt"/>
      <line num="529" count="0" type="stmt"/>
      <line num="535" count="0" type="stmt"/>
      <line num="551" count="0" type="stmt"/>
      <line num="557" count="0" type="stmt"/>
      <line num="573" count="0" type="stmt"/>
      <line num="574" count="0" type="stmt"/>
      <line num="575" count="0" type="stmt"/>
      <line num="576" count="0" type="stmt"/>
      <line num="579" count="0" type="stmt"/>
      <line num="582" count="0" type="stmt"/>
      <line num="597" count="0" type="cond" truecount="0" falsecount="2"/>
      <line num="599" count="0" type="cond" truecount="0" falsecount="2"/>
      <line num="600" count="0" type="stmt"/>
      <line num="601" count="0" type="stmt"/>
      <line num="604" count="0" type="stmt"/>
      <line num="605" count="0" type="stmt"/>
      <line num="607" count="0" type="stmt"/>
      <line num="608" count="0" type="stmt"/>
      <line num="609" count="0" type="stmt"/>
      <line num="611" count="0" type="cond" truecount="0" falsecount="2"/>
      <line num="612" count="0" type="stmt"/>
      <line num="613" count="0" type="stmt"/>
      <line num="616" count="0" type="stmt"/>
      <line num="617" count="0" type="stmt"/>
      <line num="622" count="0" type="stmt"/>
      <line num="629" count="0" type="stmt"/>
      <line num="630" count="0" type="stmt"/>
      <line num="631" count="0" type="stmt"/>
      <line num="634" count="0" type="stmt"/>
      <line num="635" count="0" type="stmt"/>
      <line num="650" count="0" type="cond" truecount="0" falsecount="2"/>
      <line num="652" count="0" type="cond" truecount="0" falsecount="2"/>
      <line num="653" count="0" type="stmt"/>
      <line num="654" count="0" type="stmt"/>
      <line num="657" count="0" type="stmt"/>
      <line num="658" count="0" type="stmt"/>
      <line num="661" count="0" type="stmt"/>
      <line num="663" count="0" type="stmt"/>
      <line num="664" count="0" type="stmt"/>
      <line num="665" count="0" type="stmt"/>
      <line num="666" count="0" type="stmt"/>
      <line num="668" count="0" type="cond" truecount="0" falsecount="2"/>
      <line num="669" count="0" type="stmt"/>
      <line num="670" count="0" type="stmt"/>
      <line num="674" count="0" type="stmt"/>
      <line num="677" count="0" type="stmt"/>
      <line num="678" count="0" type="stmt"/>
      <line num="681" count="0" type="cond" truecount="0" falsecount="2"/>
      <line num="682" count="0" type="stmt"/>
      <line num="683" count="0" type="stmt"/>
      <line num="686" count="0" type="stmt"/>
      <line num="690" count="0" type="stmt"/>
      <line num="697" count="0" type="stmt"/>
      <line num="698" count="0" type="stmt"/>
      <line num="699" count="0" type="stmt"/>
      <line num="702" count="0" type="stmt"/>
      <line num="703" count="0" type="stmt"/>
      <line num="708" count="0" type="stmt"/>
      <line num="709" count="0" type="stmt"/>
      <line num="712" count="0" type="stmt"/>
    </file>
    <file name="logger.ts" path="/home/wangy/dev/replyflow-mcp/src/logger.ts">
      <metrics statements="20" coveredstatements="20" conditionals="12" coveredconditionals="12" methods="12" coveredmethods="12"/>
      <line num="15" count="9" type="stmt"/>
      <line num="25" count="11" type="stmt"/>
      <line num="26" count="11" type="cond" truecount="4" falsecount="0"/>
      <line num="27" count="10" type="stmt"/>
      <line num="37" count="23" type="cond" truecount="2" falsecount="0"/>
      <line num="38" count="23" type="stmt"/>
      <line num="42" count="243" type="stmt"/>
      <line num="46" count="33" type="cond" truecount="2" falsecount="0"/>
      <line num="47" count="33" type="stmt"/>
      <line num="51" count="243" type="cond" truecount="2" falsecount="0"/>
      <line num="52" count="33" type="stmt"/>
      <line num="56" count="209" type="stmt"/>
      <line num="60" count="8" type="stmt"/>
      <line num="64" count="8" type="stmt"/>
      <line num="68" count="18" type="stmt"/>
      <line num="76" count="4" type="cond" truecount="2" falsecount="0"/>
      <line num="77" count="4" type="stmt"/>
      <line num="84" count="2" type="stmt"/>
      <line num="91" count="2" type="stmt"/>
      <line num="97" count="9" type="stmt"/>
    </file>
    <file name="setup.ts" path="/home/wangy/dev/replyflow-mcp/src/setup.ts">
      <metrics statements="123" coveredstatements="123" conditionals="16" coveredconditionals="13" methods="13" coveredmethods="13"/>
      <line num="28" count="14" type="stmt"/>
      <line num="35" count="38" type="stmt"/>
      <line num="36" count="37" type="stmt"/>
      <line num="44" count="48" type="stmt"/>
      <line num="45" count="48" type="cond" truecount="2" falsecount="0"/>
      <line num="51" count="14" type="stmt"/>
      <line num="52" count="14" type="stmt"/>
      <line num="53" count="14" type="stmt"/>
      <line num="54" count="14" type="stmt"/>
      <line num="55" count="14" type="stmt"/>
      <line num="56" count="14" type="stmt"/>
      <line num="57" count="14" type="stmt"/>
      <line num="58" count="14" type="stmt"/>
      <line num="59" count="14" type="stmt"/>
      <line num="60" count="14" type="stmt"/>
      <line num="61" count="14" type="stmt"/>
      <line num="62" count="14" type="stmt"/>
      <line num="63" count="14" type="stmt"/>
      <line num="64" count="14" type="stmt"/>
      <line num="65" count="14" type="stmt"/>
      <line num="66" count="14" type="stmt"/>
      <line num="67" count="14" type="stmt"/>
      <line num="71" count="12" type="cond" truecount="1" falsecount="1"/>
      <line num="72" count="12" type="stmt"/>
      <line num="73" count="12" type="stmt"/>
      <line num="74" count="12" type="stmt"/>
      <line num="75" count="12" type="stmt"/>
      <line num="76" count="12" type="stmt"/>
      <line num="77" count="12" type="stmt"/>
      <line num="78" count="12" type="stmt"/>
      <line num="81" count="12" type="cond" truecount="1" falsecount="1"/>
      <line num="82" count="12" type="stmt"/>
      <line num="85" count="12" type="stmt"/>
      <line num="88" count="12" type="stmt"/>
      <line num="92" count="12" type="stmt"/>
      <line num="95" count="12" type="stmt"/>
      <line num="98" count="12" type="stmt"/>
      <line num="99" count="12" type="stmt"/>
      <line num="100" count="12" type="stmt"/>
      <line num="109" count="14" type="stmt"/>
      <line num="110" count="14" type="stmt"/>
      <line num="113" count="14" type="stmt"/>
      <line num="114" count="14" type="stmt"/>
      <line num="115" count="14" type="stmt"/>
      <line num="116" count="14" type="stmt"/>
      <line num="118" count="14" type="stmt"/>
      <line num="128" count="12" type="stmt"/>
      <line num="129" count="12" type="stmt"/>
      <line num="132" count="12" type="stmt"/>
      <line num="133" count="12" type="stmt"/>
      <line num="134" count="12" type="stmt"/>
      <line num="137" count="12" type="stmt"/>
      <line num="139" count="12" type="stmt"/>
      <line num="149" count="12" type="stmt"/>
      <line num="150" count="12" type="stmt"/>
      <line num="153" count="12" type="stmt"/>
      <line num="154" count="12" type="stmt"/>
      <line num="155" count="12" type="stmt"/>
      <line num="157" count="12" type="stmt"/>
      <line num="164" count="12" type="stmt"/>
      <line num="165" count="12" type="stmt"/>
      <line num="166" count="12" type="stmt"/>
      <line num="169" count="12" type="stmt"/>
      <line num="170" count="12" type="stmt"/>
      <line num="171" count="12" type="stmt"/>
      <line num="172" count="12" type="stmt"/>
      <line num="174" count="12" type="stmt"/>
      <line num="175" count="12" type="stmt"/>
      <line num="177" count="21" type="stmt"/>
      <line num="185" count="12" type="stmt"/>
      <line num="193" count="12" type="stmt"/>
      <line num="194" count="12" type="stmt"/>
      <line num="197" count="12" type="stmt"/>
      <line num="198" count="12" type="stmt"/>
      <line num="199" count="12" type="stmt"/>
      <line num="201" count="12" type="stmt"/>
      <line num="202" count="60" type="stmt"/>
      <line num="204" count="12" type="stmt"/>
      <line num="206" count="12" type="stmt"/>
      <line num="207" count="12" type="stmt"/>
      <line num="208" count="12" type="stmt"/>
      <line num="209" count="12" type="stmt"/>
      <line num="219" count="14" type="stmt"/>
      <line num="221" count="14" type="stmt"/>
      <line num="222" count="14" type="stmt"/>
      <line num="225" count="14" type="stmt"/>
      <line num="226" count="13" type="cond" truecount="2" falsecount="0"/>
      <line num="227" count="1" type="stmt"/>
      <line num="228" count="1" type="stmt"/>
      <line num="229" count="1" type="stmt"/>
      <line num="233" count="12" type="stmt"/>
      <line num="236" count="12" type="stmt"/>
      <line num="239" count="12" type="stmt"/>
      <line num="242" count="12" type="stmt"/>
      <line num="245" count="12" type="stmt"/>
      <line num="246" count="12" type="stmt"/>
      <line num="249" count="12" type="stmt"/>
      <line num="250" count="12" type="stmt"/>
      <line num="251" count="12" type="stmt"/>
      <line num="252" count="12" type="stmt"/>
      <line num="253" count="12" type="stmt"/>
      <line num="258" count="12" type="cond" truecount="2" falsecount="0"/>
      <line num="261" count="14" type="stmt"/>
      <line num="276" count="14" type="stmt"/>
      <line num="278" count="14" type="stmt"/>
      <line num="283" count="12" type="cond" truecount="2" falsecount="0"/>
      <line num="284" count="1" type="stmt"/>
      <line num="285" count="1" type="stmt"/>
      <line num="286" count="1" type="stmt"/>
      <line num="289" count="11" type="stmt"/>
      <line num="290" count="11" type="stmt"/>
      <line num="291" count="11" type="stmt"/>
      <line num="292" count="11" type="stmt"/>
      <line num="293" count="11" type="stmt"/>
      <line num="294" count="11" type="stmt"/>
      <line num="295" count="11" type="stmt"/>
      <line num="296" count="11" type="stmt"/>
      <line num="297" count="11" type="stmt"/>
      <line num="298" count="11" type="stmt"/>
      <line num="299" count="11" type="stmt"/>
      <line num="300" count="11" type="stmt"/>
      <line num="302" count="11" type="stmt"/>
      <line num="304" count="14" type="stmt"/>
    </file>
    <file name="twitter.ts" path="/home/wangy/dev/replyflow-mcp/src/twitter.ts">
      <metrics statements="125" coveredstatements="111" conditionals="70" coveredconditionals="50" methods="19" coveredmethods="18"/>
      <line num="101" count="3" type="stmt"/>
      <line num="102" count="3" type="stmt"/>
      <line num="114" count="9" type="cond" truecount="1" falsecount="1"/>
      <line num="115" count="0" type="cond" truecount="0" falsecount="2"/>
      <line num="116" count="0" type="stmt"/>
      <line num="137" count="16" type="cond" truecount="2" falsecount="0"/>
      <line num="138" count="4" type="stmt"/>
      <line num="141" count="12" type="cond" truecount="2" falsecount="0"/>
      <line num="142" count="16" type="stmt"/>
      <line num="143" count="16" type="stmt"/>
      <line num="144" count="16" type="stmt"/>
      <line num="146" count="16" type="stmt"/>
      <line num="148" count="15" type="cond" truecount="2" falsecount="0"/>
      <line num="150" count="3" type="cond" truecount="1" falsecount="1"/>
      <line num="151" count="3" type="stmt"/>
      <line num="152" count="3" type="stmt"/>
      <line num="155" count="15" type="stmt"/>
      <line num="156" count="15" type="stmt"/>
      <line num="157" count="15" type="stmt"/>
      <line num="165" count="15" type="cond" truecount="2" falsecount="0"/>
      <line num="166" count="5" type="stmt"/>
      <line num="174" count="5" type="cond" truecount="4" falsecount="0"/>
      <line num="175" count="3" type="stmt"/>
      <line num="176" count="3" type="stmt"/>
      <line num="178" count="2" type="stmt"/>
      <line num="182" count="10" type="cond" truecount="4" falsecount="0"/>
      <line num="183" count="2" type="stmt"/>
      <line num="190" count="8" type="cond" truecount="2" falsecount="0"/>
      <line num="191" count="4" type="stmt"/>
      <line num="198" count="4" type="stmt"/>
      <line num="202" count="4" type="stmt"/>
      <line num="203" count="4" type="stmt"/>
      <line num="205" count="1" type="stmt"/>
      <line num="212" count="9" type="cond" truecount="3" falsecount="1"/>
      <line num="213" count="0" type="stmt"/>
      <line num="214" count="0" type="stmt"/>
      <line num="217" count="9" type="stmt"/>
      <line num="222" count="0" type="cond" truecount="0" falsecount="2"/>
      <line num="227" count="3" type="stmt"/>
      <line num="233" count="10" type="stmt"/>
      <line num="240" count="2" type="stmt"/>
      <line num="247" count="0" type="stmt"/>
      <line num="257" count="2" type="stmt"/>
      <line num="258" count="2" type="stmt"/>
      <line num="259" count="2" type="stmt"/>
      <line num="260" count="2" type="cond" truecount="1" falsecount="1"/>
      <line num="262" count="2" type="stmt"/>
      <line num="263" count="2" type="stmt"/>
      <line num="264" count="2" type="stmt"/>
      <line num="267" count="2" type="stmt"/>
      <line num="268" count="2" type="stmt"/>
      <line num="269" count="2" type="stmt"/>
      <line num="276" count="12" type="stmt"/>
      <line num="277" count="12" type="stmt"/>
      <line num="278" count="12" type="cond" truecount="1" falsecount="1"/>
      <line num="280" count="12" type="stmt"/>
      <line num="293" count="7" type="cond" truecount="1" falsecount="1"/>
      <line num="302" count="7" type="stmt"/>
      <line num="303" count="7" type="cond" truecount="2" falsecount="0"/>
      <line num="305" count="7" type="stmt"/>
      <line num="332" count="10" type="cond" truecount="4" falsecount="0"/>
      <line num="334" count="10" type="cond" truecount="1" falsecount="1"/>
      <line num="337" count="11" type="stmt"/>
      <line num="340" count="10" type="stmt"/>
      <line num="341" count="10" type="stmt"/>
      <line num="342" count="10" type="stmt"/>
      <line num="343" count="10" type="cond" truecount="1" falsecount="1"/>
      <line num="345" count="10" type="stmt"/>
      <line num="347" count="10" type="stmt"/>
      <line num="348" count="10" type="stmt"/>
      <line num="362" count="10" type="cond" truecount="1" falsecount="1"/>
      <line num="363" count="0" type="stmt"/>
      <line num="364" count="0" type="stmt"/>
      <line num="367" count="4" type="stmt"/>
      <line num="368" count="7" type="stmt"/>
      <line num="369" count="4" type="stmt"/>
      <line num="372" count="4" type="stmt"/>
      <line num="374" count="4" type="stmt"/>
      <line num="376" count="6" type="stmt"/>
      <line num="377" count="6" type="stmt"/>
      <line num="388" count="8" type="stmt"/>
      <line num="389" count="8" type="stmt"/>
      <line num="391" count="8" type="stmt"/>
      <line num="392" count="11" type="stmt"/>
      <line num="393" count="16" type="cond" truecount="2" falsecount="0"/>
      <line num="394" count="15" type="stmt"/>
      <line num="395" count="15" type="stmt"/>
      <line num="400" count="8" type="stmt"/>
      <line num="401" count="10" type="stmt"/>
      <line num="402" count="10" type="stmt"/>
      <line num="403" count="10" type="stmt"/>
      <line num="406" count="8" type="stmt"/>
      <line num="410" count="20" type="stmt"/>
      <line num="411" count="20" type="cond" truecount="2" falsecount="0"/>
      <line num="412" count="14" type="stmt"/>
      <line num="427" count="4" type="stmt"/>
      <line num="428" count="4" type="stmt"/>
      <line num="429" count="4" type="stmt"/>
      <line num="430" count="4" type="cond" truecount="1" falsecount="1"/>
      <line num="431" count="0" type="stmt"/>
      <line num="432" count="0" type="stmt"/>
      <line num="434" count="1" type="stmt"/>
      <line num="436" count="3" type="stmt"/>
      <line num="437" count="3" type="stmt"/>
      <line num="448" count="4" type="stmt"/>
      <line num="449" count="4" type="cond" truecount="1" falsecount="1"/>
      <line num="451" count="0" type="stmt"/>
      <line num="460" count="4" type="stmt"/>
      <line num="462" count="4" type="stmt"/>
      <line num="469" count="4" type="stmt"/>
      <line num="470" count="4" type="stmt"/>
      <line num="471" count="4" type="stmt"/>
      <line num="473" count="0" type="stmt"/>
      <line num="476" count="0" type="stmt"/>
      <line num="497" count="2" type="stmt"/>
      <line num="499" count="2" type="stmt"/>
      <line num="503" count="2" type="cond" truecount="4" falsecount="0"/>
      <line num="504" count="1" type="stmt"/>
      <line num="507" count="2" type="stmt"/>
      <line num="508" count="2" type="stmt"/>
      <line num="511" count="2" type="stmt"/>
      <line num="512" count="2" type="stmt"/>
      <line num="513" count="2" type="stmt"/>
      <line num="518" count="0" type="stmt"/>
      <line num="521" count="2" type="stmt"/>
    </file>
  </project>
</coverage>
