{"/home/wangy/dev/replyflow-mcp/src/cache.ts": {"path":"/home/wangy/dev/replyflow-mcp/src/cache.ts","statementMap":{"0":{"start":{"line":10,"column":14},"end":{"line":10,"column":null}},"1":{"start":{"line":11,"column":2},"end":{"line":14,"column":null}},"2":{"start":{"line":12,"column":19},"end":{"line":12,"column":null}},"3":{"start":{"line":13,"column":4},"end":{"line":13,"column":null}},"4":{"start":{"line":13,"column":38},"end":{"line":13,"column":null}},"5":{"start":{"line":15,"column":2},"end":{"line":15,"column":null}},"6":{"start":{"line":28,"column":18},"end":{"line":28,"column":null}},"7":{"start":{"line":32,"column":4},"end":{"line":32,"column":null}},"8":{"start":{"line":40,"column":18},"end":{"line":40,"column":null}},"9":{"start":{"line":41,"column":4},"end":{"line":44,"column":null}},"10":{"start":{"line":42,"column":6},"end":{"line":42,"column":null}},"11":{"start":{"line":43,"column":6},"end":{"line":43,"column":null}},"12":{"start":{"line":45,"column":4},"end":{"line":49,"column":null}},"13":{"start":{"line":46,"column":6},"end":{"line":46,"column":null}},"14":{"start":{"line":47,"column":6},"end":{"line":47,"column":null}},"15":{"start":{"line":48,"column":6},"end":{"line":48,"column":null}},"16":{"start":{"line":50,"column":4},"end":{"line":50,"column":null}},"17":{"start":{"line":51,"column":4},"end":{"line":51,"column":null}},"18":{"start":{"line":58,"column":16},"end":{"line":58,"column":null}},"19":{"start":{"line":59,"column":4},"end":{"line":62,"column":null}},"20":{"start":{"line":63,"column":4},"end":{"line":63,"column":null}},"21":{"start":{"line":70,"column":4},"end":{"line":70,"column":null}},"22":{"start":{"line":71,"column":4},"end":{"line":71,"column":null}},"23":{"start":{"line":78,"column":18},"end":{"line":78,"column":null}},"24":{"start":{"line":79,"column":4},"end":{"line":79,"column":null}},"25":{"start":{"line":80,"column":4},"end":{"line":80,"column":null}},"26":{"start":{"line":87,"column":4},"end":{"line":87,"column":null}},"27":{"start":{"line":95,"column":4},"end":{"line":99,"column":null}},"28":{"start":{"line":96,"column":6},"end":{"line":98,"column":null}},"29":{"start":{"line":97,"column":8},"end":{"line":97,"column":null}},"30":{"start":{"line":106,"column":4},"end":{"line":106,"column":null}},"31":{"start":{"line":113,"column":21},"end":{"line":113,"column":null}}},"fnMap":{"0":{"name":"getDefaultTTL","decl":{"start":{"line":9,"column":9},"end":{"line":9,"column":33}},"loc":{"start":{"line":9,"column":33},"end":{"line":16,"column":null}},"line":9},"1":{"name":"constructor","decl":{"start":{"line":31,"column":2},"end":{"line":31,"column":14}},"loc":{"start":{"line":31,"column":30},"end":{"line":33,"column":null}},"line":31},"2":{"name":"get","decl":{"start":{"line":39,"column":2},"end":{"line":39,"column":9}},"loc":{"start":{"line":39,"column":37},"end":{"line":52,"column":null}},"line":39},"3":{"name":"set","decl":{"start":{"line":57,"column":2},"end":{"line":57,"column":9}},"loc":{"start":{"line":57,"column":54},"end":{"line":64,"column":null}},"line":57},"4":{"name":"delete","decl":{"start":{"line":69,"column":2},"end":{"line":69,"column":9}},"loc":{"start":{"line":69,"column":28},"end":{"line":72,"column":null}},"line":69},"5":{"name":"clear","decl":{"start":{"line":77,"column":2},"end":{"line":77,"column":16}},"loc":{"start":{"line":77,"column":16},"end":{"line":81,"column":null}},"line":77},"6":{"name":"keys","decl":{"start":{"line":86,"column":2},"end":{"line":86,"column":19}},"loc":{"start":{"line":86,"column":19},"end":{"line":88,"column":null}},"line":86},"7":{"name":"filter","decl":{"start":{"line":94,"column":2},"end":{"line":94,"column":9}},"loc":{"start":{"line":94,"column":52},"end":{"line":100,"column":null}},"line":94},"8":{"name":"size","decl":{"start":{"line":105,"column":6},"end":{"line":105,"column":21}},"loc":{"start":{"line":105,"column":21},"end":{"line":107,"column":null}},"line":105}},"branchMap":{"0":{"loc":{"start":{"line":11,"column":2},"end":{"line":14,"column":null}},"type":"if","locations":[{"start":{"line":11,"column":2},"end":{"line":14,"column":null}},{"start":{},"end":{}}],"line":11},"1":{"loc":{"start":{"line":13,"column":4},"end":{"line":13,"column":null}},"type":"if","locations":[{"start":{"line":13,"column":4},"end":{"line":13,"column":null}},{"start":{},"end":{}}],"line":13},"2":{"loc":{"start":{"line":13,"column":8},"end":{"line":13,"column":38}},"type":"binary-expr","locations":[{"start":{"line":13,"column":8},"end":{"line":13,"column":26}},{"start":{"line":13,"column":26},"end":{"line":13,"column":38}}],"line":13},"3":{"loc":{"start":{"line":32,"column":22},"end":{"line":32,"column":null}},"type":"binary-expr","locations":[{"start":{"line":32,"column":22},"end":{"line":32,"column":31}},{"start":{"line":32,"column":31},"end":{"line":32,"column":null}}],"line":32},"4":{"loc":{"start":{"line":41,"column":4},"end":{"line":44,"column":null}},"type":"if","locations":[{"start":{"line":41,"column":4},"end":{"line":44,"column":null}},{"start":{},"end":{}}],"line":41},"5":{"loc":{"start":{"line":45,"column":4},"end":{"line":49,"column":null}},"type":"if","locations":[{"start":{"line":45,"column":4},"end":{"line":49,"column":null}},{"start":{},"end":{}}],"line":45},"6":{"loc":{"start":{"line":58,"column":16},"end":{"line":58,"column":null}},"type":"binary-expr","locations":[{"start":{"line":58,"column":16},"end":{"line":58,"column":25}},{"start":{"line":58,"column":25},"end":{"line":58,"column":null}}],"line":58},"7":{"loc":{"start":{"line":96,"column":6},"end":{"line":98,"column":null}},"type":"if","locations":[{"start":{"line":96,"column":6},"end":{"line":98,"column":null}},{"start":{},"end":{}}],"line":96}},"s":{"0":4,"1":4,"2":0,"3":0,"4":0,"5":4,"6":26,"7":26,"8":37,"9":37,"10":19,"11":19,"12":18,"13":4,"14":4,"15":4,"16":14,"17":14,"18":34,"19":34,"20":34,"21":3,"22":3,"23":21,"24":21,"25":21,"26":2,"27":3,"28":5,"29":2,"30":8,"31":4},"f":{"0":4,"1":26,"2":37,"3":34,"4":3,"5":21,"6":2,"7":3,"8":8},"b":{"0":[0,4],"1":[0,0],"2":[0,0],"3":[26,4],"4":[19,18],"5":[4,14],"6":[34,26],"7":[2,3]},"meta":{"lastBranch":8,"lastFunction":9,"lastStatement":32,"seen":{"f:9:9:9:33":0,"s:10:14:10:Infinity":0,"b:11:2:14:Infinity:undefined:undefined:undefined:undefined":0,"s:11:2:14:Infinity":1,"s:12:19:12:Infinity":2,"b:13:4:13:Infinity:undefined:undefined:undefined:undefined":1,"s:13:4:13:Infinity":3,"b:13:8:13:26:13:26:13:38":2,"s:13:38:13:Infinity":4,"s:15:2:15:Infinity":5,"s:28:18:28:Infinity":6,"f:31:2:31:14":1,"s:32:4:32:Infinity":7,"b:32:22:32:31:32:31:32:Infinity":3,"f:39:2:39:9":2,"s:40:18:40:Infinity":8,"b:41:4:44:Infinity:undefined:undefined:undefined:undefined":4,"s:41:4:44:Infinity":9,"s:42:6:42:Infinity":10,"s:43:6:43:Infinity":11,"b:45:4:49:Infinity:undefined:undefined:undefined:undefined":5,"s:45:4:49:Infinity":12,"s:46:6:46:Infinity":13,"s:47:6:47:Infinity":14,"s:48:6:48:Infinity":15,"s:50:4:50:Infinity":16,"s:51:4:51:Infinity":17,"f:57:2:57:9":3,"s:58:16:58:Infinity":18,"b:58:16:58:25:58:25:58:Infinity":6,"s:59:4:62:Infinity":19,"s:63:4:63:Infinity":20,"f:69:2:69:9":4,"s:70:4:70:Infinity":21,"s:71:4:71:Infinity":22,"f:77:2:77:16":5,"s:78:18:78:Infinity":23,"s:79:4:79:Infinity":24,"s:80:4:80:Infinity":25,"f:86:2:86:19":6,"s:87:4:87:Infinity":26,"f:94:2:94:9":7,"s:95:4:99:Infinity":27,"b:96:6:98:Infinity:undefined:undefined:undefined:undefined":7,"s:96:6:98:Infinity":28,"s:97:8:97:Infinity":29,"f:105:6:105:21":8,"s:106:4:106:Infinity":30,"s:113:21:113:Infinity":31},"fnNames":{}}}
,"/home/wangy/dev/replyflow-mcp/src/config.ts": {"path":"/home/wangy/dev/replyflow-mcp/src/config.ts","statementMap":{"0":{"start":{"line":59,"column":31},"end":{"line":68,"column":null}},"1":{"start":{"line":72,"column":26},"end":{"line":72,"column":null}},"2":{"start":{"line":73,"column":27},"end":{"line":73,"column":null}},"3":{"start":{"line":74,"column":35},"end":{"line":74,"column":null}},"4":{"start":{"line":83,"column":2},"end":{"line":90,"column":null}},"5":{"start":{"line":84,"column":4},"end":{"line":87,"column":null}},"6":{"start":{"line":85,"column":18},"end":{"line":85,"column":null}},"7":{"start":{"line":86,"column":6},"end":{"line":86,"column":null}},"8":{"start":{"line":91,"column":2},"end":{"line":91,"column":null}},"9":{"start":{"line":99,"column":2},"end":{"line":101,"column":null}},"10":{"start":{"line":100,"column":4},"end":{"line":100,"column":null}},"11":{"start":{"line":102,"column":2},"end":{"line":102,"column":null}},"12":{"start":{"line":105,"column":2},"end":{"line":110,"column":null}},"13":{"start":{"line":106,"column":22},"end":{"line":106,"column":null}},"14":{"start":{"line":107,"column":4},"end":{"line":107,"column":null}},"15":{"start":{"line":121,"column":2},"end":{"line":121,"column":null}},"16":{"start":{"line":131,"column":2},"end":{"line":131,"column":null}},"17":{"start":{"line":143,"column":2},"end":{"line":145,"column":null}},"18":{"start":{"line":144,"column":4},"end":{"line":144,"column":null}},"19":{"start":{"line":147,"column":2},"end":{"line":156,"column":null}},"20":{"start":{"line":148,"column":16},"end":{"line":148,"column":null}},"21":{"start":{"line":149,"column":19},"end":{"line":149,"column":null}},"22":{"start":{"line":150,"column":4},"end":{"line":150,"column":null}},"23":{"start":{"line":152,"column":4},"end":{"line":154,"column":null}},"24":{"start":{"line":155,"column":4},"end":{"line":155,"column":null}},"25":{"start":{"line":162,"column":18},"end":{"line":162,"column":null}},"26":{"start":{"line":163,"column":26},"end":{"line":163,"column":null}},"27":{"start":{"line":165,"column":2},"end":{"line":167,"column":null}},"28":{"start":{"line":166,"column":4},"end":{"line":166,"column":null}},"29":{"start":{"line":169,"column":2},"end":{"line":169,"column":null}},"30":{"start":{"line":170,"column":2},"end":{"line":170,"column":null}},"31":{"start":{"line":192,"column":28},"end":{"line":192,"column":null}},"32":{"start":{"line":193,"column":29},"end":{"line":193,"column":null}},"33":{"start":{"line":199,"column":2},"end":{"line":199,"column":null}},"34":{"start":{"line":210,"column":17},"end":{"line":210,"column":null}},"35":{"start":{"line":212,"column":2},"end":{"line":239,"column":null}},"36":{"start":{"line":213,"column":4},"end":{"line":213,"column":null}},"37":{"start":{"line":214,"column":4},"end":{"line":214,"column":null}},"38":{"start":{"line":215,"column":4},"end":{"line":215,"column":null}},"39":{"start":{"line":216,"column":4},"end":{"line":216,"column":null}},"40":{"start":{"line":218,"column":4},"end":{"line":224,"column":null}},"41":{"start":{"line":219,"column":6},"end":{"line":219,"column":null}},"42":{"start":{"line":220,"column":6},"end":{"line":220,"column":null}},"43":{"start":{"line":221,"column":6},"end":{"line":223,"column":null}},"44":{"start":{"line":222,"column":8},"end":{"line":222,"column":null}},"45":{"start":{"line":226,"column":4},"end":{"line":232,"column":null}},"46":{"start":{"line":227,"column":6},"end":{"line":227,"column":null}},"47":{"start":{"line":228,"column":6},"end":{"line":228,"column":null}},"48":{"start":{"line":229,"column":6},"end":{"line":231,"column":null}},"49":{"start":{"line":230,"column":8},"end":{"line":230,"column":null}},"50":{"start":{"line":234,"column":4},"end":{"line":234,"column":null}},"51":{"start":{"line":235,"column":4},"end":{"line":235,"column":null}},"52":{"start":{"line":236,"column":4},"end":{"line":236,"column":null}},"53":{"start":{"line":237,"column":4},"end":{"line":237,"column":null}},"54":{"start":{"line":238,"column":4},"end":{"line":238,"column":null}},"55":{"start":{"line":241,"column":2},"end":{"line":241,"column":null}},"56":{"start":{"line":253,"column":28},"end":{"line":253,"column":null}},"57":{"start":{"line":254,"column":2},"end":{"line":259,"column":null}},"58":{"start":{"line":258,"column":4},"end":{"line":258,"column":null}},"59":{"start":{"line":260,"column":2},"end":{"line":262,"column":null}},"60":{"start":{"line":261,"column":4},"end":{"line":261,"column":null}},"61":{"start":{"line":263,"column":2},"end":{"line":263,"column":null}}},"fnMap":{"0":{"name":"getActiveAccount","decl":{"start":{"line":82,"column":16},"end":{"line":82,"column":55}},"loc":{"start":{"line":82,"column":55},"end":{"line":92,"column":null}},"line":82},"1":{"name":"setActiveAccount","decl":{"start":{"line":98,"column":16},"end":{"line":98,"column":33}},"loc":{"start":{"line":98,"column":56},"end":{"line":111,"column":null}},"line":98},"2":{"name":"getEffectiveConfig","decl":{"start":{"line":120,"column":16},"end":{"line":120,"column":45}},"loc":{"start":{"line":120,"column":45},"end":{"line":122,"column":null}},"line":120},"3":{"name":"updateEffectiveConfig","decl":{"start":{"line":130,"column":16},"end":{"line":130,"column":38}},"loc":{"start":{"line":130,"column":72},"end":{"line":132,"column":null}},"line":130},"4":{"name":"getConfig","decl":{"start":{"line":142,"column":16},"end":{"line":142,"column":36}},"loc":{"start":{"line":142,"column":36},"end":{"line":157,"column":null}},"line":142},"5":{"name":"updateConfig","decl":{"start":{"line":161,"column":16},"end":{"line":161,"column":29}},"loc":{"start":{"line":161,"column":63},"end":{"line":171,"column":null}},"line":161},"6":{"name":"checkConfigIntegrity","decl":{"start":{"line":191,"column":16},"end":{"line":191,"column":37}},"loc":{"start":{"line":191,"column":77},"end":{"line":200,"column":null}},"line":191},"7":{"name":"checkCredentials","decl":{"start":{"line":206,"column":16},"end":{"line":206,"column":null}},"loc":{"start":{"line":209,"column":11},"end":{"line":242,"column":null}},"line":209},"8":{"name":"getNicheKeywords","decl":{"start":{"line":252,"column":16},"end":{"line":252,"column":33}},"loc":{"start":{"line":252,"column":59},"end":{"line":264,"column":null}},"line":252}},"branchMap":{"0":{"loc":{"start":{"line":84,"column":4},"end":{"line":87,"column":null}},"type":"if","locations":[{"start":{"line":84,"column":4},"end":{"line":87,"column":null}},{"start":{},"end":{}}],"line":84},"1":{"loc":{"start":{"line":86,"column":13},"end":{"line":86,"column":null}},"type":"binary-expr","locations":[{"start":{"line":86,"column":13},"end":{"line":86,"column":20}},{"start":{"line":86,"column":20},"end":{"line":86,"column":null}}],"line":86},"2":{"loc":{"start":{"line":99,"column":2},"end":{"line":101,"column":null}},"type":"if","locations":[{"start":{"line":99,"column":2},"end":{"line":101,"column":null}},{"start":{},"end":{}}],"line":99},"3":{"loc":{"start":{"line":143,"column":2},"end":{"line":145,"column":null}},"type":"if","locations":[{"start":{"line":143,"column":2},"end":{"line":145,"column":null}},{"start":{},"end":{}}],"line":143},"4":{"loc":{"start":{"line":153,"column":41},"end":{"line":153,"column":null}},"type":"cond-expr","locations":[{"start":{"line":153,"column":64},"end":{"line":153,"column":78}},{"start":{"line":153,"column":78},"end":{"line":153,"column":null}}],"line":153},"5":{"loc":{"start":{"line":165,"column":2},"end":{"line":167,"column":null}},"type":"if","locations":[{"start":{"line":165,"column":2},"end":{"line":167,"column":null}},{"start":{},"end":{}}],"line":165},"6":{"loc":{"start":{"line":210,"column":17},"end":{"line":210,"column":null}},"type":"binary-expr","locations":[{"start":{"line":210,"column":17},"end":{"line":210,"column":30}},{"start":{"line":210,"column":30},"end":{"line":210,"column":null}}],"line":210},"7":{"loc":{"start":{"line":212,"column":2},"end":{"line":239,"column":null}},"type":"if","locations":[{"start":{"line":212,"column":2},"end":{"line":239,"column":null}},{"start":{},"end":{}}],"line":212},"8":{"loc":{"start":{"line":212,"column":6},"end":{"line":212,"column":48}},"type":"binary-expr","locations":[{"start":{"line":212,"column":6},"end":{"line":212,"column":20}},{"start":{"line":212,"column":20},"end":{"line":212,"column":48}}],"line":212},"9":{"loc":{"start":{"line":218,"column":4},"end":{"line":224,"column":null}},"type":"if","locations":[{"start":{"line":218,"column":4},"end":{"line":224,"column":null}},{"start":{},"end":{}}],"line":218},"10":{"loc":{"start":{"line":226,"column":4},"end":{"line":232,"column":null}},"type":"if","locations":[{"start":{"line":226,"column":4},"end":{"line":232,"column":null}},{"start":{},"end":{}}],"line":226},"11":{"loc":{"start":{"line":254,"column":2},"end":{"line":259,"column":null}},"type":"if","locations":[{"start":{"line":254,"column":2},"end":{"line":259,"column":null}},{"start":{},"end":{}}],"line":254},"12":{"loc":{"start":{"line":255,"column":4},"end":{"line":256,"column":null}},"type":"binary-expr","locations":[{"start":{"line":255,"column":4},"end":{"line":255,"column":null}},{"start":{"line":256,"column":4},"end":{"line":256,"column":null}}],"line":255},"13":{"loc":{"start":{"line":260,"column":2},"end":{"line":262,"column":null}},"type":"if","locations":[{"start":{"line":260,"column":2},"end":{"line":262,"column":null}},{"start":{},"end":{}}],"line":260},"14":{"loc":{"start":{"line":260,"column":6},"end":{"line":260,"column":63}},"type":"binary-expr","locations":[{"start":{"line":260,"column":6},"end":{"line":260,"column":30}},{"start":{"line":260,"column":30},"end":{"line":260,"column":63}}],"line":260}},"s":{"0":5,"1":5,"2":5,"3":5,"4":5,"5":5,"6":4,"7":4,"8":2,"9":2,"10":1,"11":2,"12":2,"13":2,"14":2,"15":9,"16":8,"17":29,"18":7,"19":22,"20":22,"21":22,"22":22,"23":3,"24":3,"25":12,"26":12,"27":12,"28":3,"29":12,"30":12,"31":2,"32":2,"33":2,"34":0,"35":0,"36":0,"37":0,"38":0,"39":0,"40":0,"41":0,"42":0,"43":0,"44":0,"45":0,"46":0,"47":0,"48":0,"49":0,"50":0,"51":0,"52":0,"53":0,"54":0,"55":0,"56":15,"57":15,"58":4,"59":11,"60":9,"61":2},"f":{"0":5,"1":2,"2":9,"3":8,"4":29,"5":12,"6":2,"7":0,"8":15},"b":{"0":[4,1],"1":[4,1],"2":[1,1],"3":[7,22],"4":[3,0],"5":[3,9],"6":[0,0],"7":[0,0],"8":[0,0],"9":[0,0],"10":[0,0],"11":[4,11],"12":[15,4],"13":[9,2],"14":[11,10]},"meta":{"lastBranch":15,"lastFunction":9,"lastStatement":62,"seen":{"s:59:31:68:Infinity":0,"s:72:26:72:Infinity":1,"s:73:27:73:Infinity":2,"s:74:35:74:Infinity":3,"f:82:16:82:55":0,"s:83:2:90:Infinity":4,"b:84:4:87:Infinity:undefined:undefined:undefined:undefined":0,"s:84:4:87:Infinity":5,"s:85:18:85:Infinity":6,"s:86:6:86:Infinity":7,"b:86:13:86:20:86:20:86:Infinity":1,"s:91:2:91:Infinity":8,"f:98:16:98:33":1,"b:99:2:101:Infinity:undefined:undefined:undefined:undefined":2,"s:99:2:101:Infinity":9,"s:100:4:100:Infinity":10,"s:102:2:102:Infinity":11,"s:105:2:110:Infinity":12,"s:106:22:106:Infinity":13,"s:107:4:107:Infinity":14,"f:120:16:120:45":2,"s:121:2:121:Infinity":15,"f:130:16:130:38":3,"s:131:2:131:Infinity":16,"f:142:16:142:36":4,"b:143:2:145:Infinity:undefined:undefined:undefined:undefined":3,"s:143:2:145:Infinity":17,"s:144:4:144:Infinity":18,"s:147:2:156:Infinity":19,"s:148:16:148:Infinity":20,"s:149:19:149:Infinity":21,"s:150:4:150:Infinity":22,"s:152:4:154:Infinity":23,"b:153:64:153:78:153:78:153:Infinity":4,"s:155:4:155:Infinity":24,"f:161:16:161:29":5,"s:162:18:162:Infinity":25,"s:163:26:163:Infinity":26,"b:165:2:167:Infinity:undefined:undefined:undefined:undefined":5,"s:165:2:167:Infinity":27,"s:166:4:166:Infinity":28,"s:169:2:169:Infinity":29,"s:170:2:170:Infinity":30,"f:191:16:191:37":6,"s:192:28:192:Infinity":31,"s:193:29:193:Infinity":32,"s:199:2:199:Infinity":33,"f:206:16:206:Infinity":7,"s:210:17:210:Infinity":34,"b:210:17:210:30:210:30:210:Infinity":6,"b:212:2:239:Infinity:undefined:undefined:undefined:undefined":7,"s:212:2:239:Infinity":35,"b:212:6:212:20:212:20:212:48":8,"s:213:4:213:Infinity":36,"s:214:4:214:Infinity":37,"s:215:4:215:Infinity":38,"s:216:4:216:Infinity":39,"b:218:4:224:Infinity:undefined:undefined:undefined:undefined":9,"s:218:4:224:Infinity":40,"s:219:6:219:Infinity":41,"s:220:6:220:Infinity":42,"s:221:6:223:Infinity":43,"s:222:8:222:Infinity":44,"b:226:4:232:Infinity:undefined:undefined:undefined:undefined":10,"s:226:4:232:Infinity":45,"s:227:6:227:Infinity":46,"s:228:6:228:Infinity":47,"s:229:6:231:Infinity":48,"s:230:8:230:Infinity":49,"s:234:4:234:Infinity":50,"s:235:4:235:Infinity":51,"s:236:4:236:Infinity":52,"s:237:4:237:Infinity":53,"s:238:4:238:Infinity":54,"s:241:2:241:Infinity":55,"f:252:16:252:33":8,"s:253:28:253:Infinity":56,"b:254:2:259:Infinity:undefined:undefined:undefined:undefined":11,"s:254:2:259:Infinity":57,"b:255:4:255:Infinity:256:4:256:Infinity":12,"s:258:4:258:Infinity":58,"b:260:2:262:Infinity:undefined:undefined:undefined:undefined":13,"s:260:2:262:Infinity":59,"b:260:6:260:30:260:30:260:63":14,"s:261:4:261:Infinity":60,"s:263:2:263:Infinity":61},"fnNames":{}}}
,"/home/wangy/dev/replyflow-mcp/src/errors.ts": {"path":"/home/wangy/dev/replyflow-mcp/src/errors.ts","statementMap":{"0":{"start":{"line":15,"column":4},"end":{"line":15,"column":null}},"1":{"start":{"line":16,"column":4},"end":{"line":16,"column":null}},"2":{"start":{"line":30,"column":4},"end":{"line":30,"column":null}},"3":{"start":{"line":31,"column":4},"end":{"line":31,"column":null}},"4":{"start":{"line":32,"column":4},"end":{"line":32,"column":null}},"5":{"start":{"line":41,"column":4},"end":{"line":41,"column":null}},"6":{"start":{"line":42,"column":4},"end":{"line":42,"column":null}},"7":{"start":{"line":51,"column":4},"end":{"line":51,"column":null}},"8":{"start":{"line":52,"column":4},"end":{"line":52,"column":null}},"9":{"start":{"line":65,"column":4},"end":{"line":65,"column":null}},"10":{"start":{"line":66,"column":4},"end":{"line":66,"column":null}},"11":{"start":{"line":67,"column":4},"end":{"line":67,"column":null}},"12":{"start":{"line":76,"column":4},"end":{"line":76,"column":null}},"13":{"start":{"line":77,"column":4},"end":{"line":77,"column":null}},"14":{"start":{"line":99,"column":2},"end":{"line":128,"column":null}},"15":{"start":{"line":100,"column":20},"end":{"line":100,"column":null}},"16":{"start":{"line":101,"column":17},"end":{"line":101,"column":null}},"17":{"start":{"line":104,"column":4},"end":{"line":109,"column":null}},"18":{"start":{"line":105,"column":6},"end":{"line":108,"column":null}},"19":{"start":{"line":112,"column":4},"end":{"line":114,"column":null}},"20":{"start":{"line":113,"column":6},"end":{"line":113,"column":null}},"21":{"start":{"line":117,"column":4},"end":{"line":121,"column":null}},"22":{"start":{"line":118,"column":6},"end":{"line":120,"column":null}},"23":{"start":{"line":124,"column":4},"end":{"line":127,"column":null}},"24":{"start":{"line":131,"column":2},"end":{"line":133,"column":null}},"25":{"start":{"line":132,"column":4},"end":{"line":132,"column":null}},"26":{"start":{"line":136,"column":2},"end":{"line":172,"column":null}},"27":{"start":{"line":137,"column":24},"end":{"line":137,"column":null}},"28":{"start":{"line":140,"column":4},"end":{"line":153,"column":null}},"29":{"start":{"line":150,"column":6},"end":{"line":152,"column":null}},"30":{"start":{"line":156,"column":4},"end":{"line":166,"column":null}},"31":{"start":{"line":163,"column":6},"end":{"line":165,"column":null}},"32":{"start":{"line":169,"column":4},"end":{"line":171,"column":null}},"33":{"start":{"line":177,"column":2},"end":{"line":177,"column":null}},"34":{"start":{"line":187,"column":2},"end":{"line":189,"column":null}},"35":{"start":{"line":188,"column":4},"end":{"line":188,"column":null}},"36":{"start":{"line":190,"column":2},"end":{"line":192,"column":null}},"37":{"start":{"line":191,"column":4},"end":{"line":191,"column":null}},"38":{"start":{"line":193,"column":2},"end":{"line":195,"column":null}},"39":{"start":{"line":194,"column":4},"end":{"line":194,"column":null}},"40":{"start":{"line":196,"column":2},"end":{"line":198,"column":null}},"41":{"start":{"line":197,"column":4},"end":{"line":197,"column":null}},"42":{"start":{"line":199,"column":2},"end":{"line":201,"column":null}},"43":{"start":{"line":200,"column":4},"end":{"line":200,"column":null}},"44":{"start":{"line":202,"column":2},"end":{"line":202,"column":null}}},"fnMap":{"0":{"name":"constructor","decl":{"start":{"line":14,"column":2},"end":{"line":14,"column":14}},"loc":{"start":{"line":14,"column":31},"end":{"line":17,"column":null}},"line":14},"1":{"name":"constructor_2","decl":{"start":{"line":29,"column":2},"end":{"line":29,"column":14}},"loc":{"start":{"line":29,"column":48},"end":{"line":33,"column":null}},"line":29},"2":{"name":"constructor_3","decl":{"start":{"line":40,"column":2},"end":{"line":40,"column":14}},"loc":{"start":{"line":40,"column":31},"end":{"line":43,"column":null}},"line":40},"3":{"name":"constructor_4","decl":{"start":{"line":50,"column":2},"end":{"line":50,"column":14}},"loc":{"start":{"line":50,"column":31},"end":{"line":53,"column":null}},"line":50},"4":{"name":"constructor_5","decl":{"start":{"line":64,"column":2},"end":{"line":64,"column":14}},"loc":{"start":{"line":64,"column":46},"end":{"line":68,"column":null}},"line":64},"5":{"name":"constructor_6","decl":{"start":{"line":75,"column":2},"end":{"line":75,"column":14}},"loc":{"start":{"line":75,"column":31},"end":{"line":78,"column":null}},"line":75},"6":{"name":"classifyCliError","decl":{"start":{"line":92,"column":16},"end":{"line":92,"column":null}},"loc":{"start":{"line":97,"column":12},"end":{"line":178,"column":null}},"line":97},"7":{"name":"getUserFriendlyMessage","decl":{"start":{"line":186,"column":16},"end":{"line":186,"column":39}},"loc":{"start":{"line":186,"column":64},"end":{"line":203,"column":null}},"line":186}},"branchMap":{"0":{"loc":{"start":{"line":99,"column":2},"end":{"line":128,"column":null}},"type":"if","locations":[{"start":{"line":99,"column":2},"end":{"line":128,"column":null}},{"start":{},"end":{}}],"line":99},"1":{"loc":{"start":{"line":104,"column":4},"end":{"line":109,"column":null}},"type":"if","locations":[{"start":{"line":104,"column":4},"end":{"line":109,"column":null}},{"start":{},"end":{}}],"line":104},"2":{"loc":{"start":{"line":112,"column":4},"end":{"line":114,"column":null}},"type":"if","locations":[{"start":{"line":112,"column":4},"end":{"line":114,"column":null}},{"start":{},"end":{}}],"line":112},"3":{"loc":{"start":{"line":112,"column":8},"end":{"line":112,"column":55}},"type":"binary-expr","locations":[{"start":{"line":112,"column":8},"end":{"line":112,"column":33}},{"start":{"line":112,"column":33},"end":{"line":112,"column":55}}],"line":112},"4":{"loc":{"start":{"line":117,"column":4},"end":{"line":121,"column":null}},"type":"if","locations":[{"start":{"line":117,"column":4},"end":{"line":121,"column":null}},{"start":{},"end":{}}],"line":117},"5":{"loc":{"start":{"line":125,"column":6},"end":{"line":125,"column":null}},"type":"binary-expr","locations":[{"start":{"line":125,"column":6},"end":{"line":125,"column":21}},{"start":{"line":125,"column":21},"end":{"line":125,"column":null}}],"line":125},"6":{"loc":{"start":{"line":131,"column":2},"end":{"line":133,"column":null}},"type":"if","locations":[{"start":{"line":131,"column":2},"end":{"line":133,"column":null}},{"start":{},"end":{}}],"line":131},"7":{"loc":{"start":{"line":131,"column":6},"end":{"line":131,"column":49}},"type":"binary-expr","locations":[{"start":{"line":131,"column":6},"end":{"line":131,"column":30}},{"start":{"line":131,"column":30},"end":{"line":131,"column":49}}],"line":131},"8":{"loc":{"start":{"line":136,"column":2},"end":{"line":172,"column":null}},"type":"if","locations":[{"start":{"line":136,"column":2},"end":{"line":172,"column":null}},{"start":{},"end":{}}],"line":136},"9":{"loc":{"start":{"line":136,"column":6},"end":{"line":136,"column":43}},"type":"binary-expr","locations":[{"start":{"line":136,"column":6},"end":{"line":136,"column":27}},{"start":{"line":136,"column":27},"end":{"line":136,"column":43}}],"line":136},"10":{"loc":{"start":{"line":140,"column":4},"end":{"line":153,"column":null}},"type":"if","locations":[{"start":{"line":140,"column":4},"end":{"line":153,"column":null}},{"start":{},"end":{}}],"line":140},"11":{"loc":{"start":{"line":141,"column":6},"end":{"line":148,"column":null}},"type":"binary-expr","locations":[{"start":{"line":141,"column":6},"end":{"line":141,"column":null}},{"start":{"line":142,"column":6},"end":{"line":142,"column":null}},{"start":{"line":143,"column":6},"end":{"line":143,"column":null}},{"start":{"line":144,"column":6},"end":{"line":144,"column":null}},{"start":{"line":145,"column":6},"end":{"line":145,"column":null}},{"start":{"line":146,"column":6},"end":{"line":146,"column":null}},{"start":{"line":147,"column":6},"end":{"line":147,"column":null}},{"start":{"line":148,"column":6},"end":{"line":148,"column":null}}],"line":141},"12":{"loc":{"start":{"line":151,"column":8},"end":{"line":151,"column":null}},"type":"binary-expr","locations":[{"start":{"line":151,"column":8},"end":{"line":151,"column":25}},{"start":{"line":151,"column":25},"end":{"line":151,"column":null}}],"line":151},"13":{"loc":{"start":{"line":156,"column":4},"end":{"line":166,"column":null}},"type":"if","locations":[{"start":{"line":156,"column":4},"end":{"line":166,"column":null}},{"start":{},"end":{}}],"line":156},"14":{"loc":{"start":{"line":157,"column":6},"end":{"line":161,"column":null}},"type":"binary-expr","locations":[{"start":{"line":157,"column":6},"end":{"line":157,"column":null}},{"start":{"line":158,"column":6},"end":{"line":158,"column":null}},{"start":{"line":159,"column":6},"end":{"line":159,"column":null}},{"start":{"line":160,"column":6},"end":{"line":160,"column":null}},{"start":{"line":161,"column":6},"end":{"line":161,"column":null}}],"line":157},"15":{"loc":{"start":{"line":164,"column":8},"end":{"line":164,"column":null}},"type":"binary-expr","locations":[{"start":{"line":164,"column":8},"end":{"line":164,"column":25}},{"start":{"line":164,"column":25},"end":{"line":164,"column":null}}],"line":164},"16":{"loc":{"start":{"line":170,"column":51},"end":{"line":170,"column":null}},"type":"binary-expr","locations":[{"start":{"line":170,"column":51},"end":{"line":170,"column":68}},{"start":{"line":170,"column":68},"end":{"line":170,"column":null}}],"line":170},"17":{"loc":{"start":{"line":177,"column":22},"end":{"line":177,"column":66}},"type":"binary-expr","locations":[{"start":{"line":177,"column":22},"end":{"line":177,"column":39}},{"start":{"line":177,"column":39},"end":{"line":177,"column":66}}],"line":177},"18":{"loc":{"start":{"line":187,"column":2},"end":{"line":189,"column":null}},"type":"if","locations":[{"start":{"line":187,"column":2},"end":{"line":189,"column":null}},{"start":{},"end":{}}],"line":187},"19":{"loc":{"start":{"line":190,"column":2},"end":{"line":192,"column":null}},"type":"if","locations":[{"start":{"line":190,"column":2},"end":{"line":192,"column":null}},{"start":{},"end":{}}],"line":190},"20":{"loc":{"start":{"line":193,"column":2},"end":{"line":195,"column":null}},"type":"if","locations":[{"start":{"line":193,"column":2},"end":{"line":195,"column":null}},{"start":{},"end":{}}],"line":193},"21":{"loc":{"start":{"line":196,"column":2},"end":{"line":198,"column":null}},"type":"if","locations":[{"start":{"line":196,"column":2},"end":{"line":198,"column":null}},{"start":{},"end":{}}],"line":196},"22":{"loc":{"start":{"line":199,"column":2},"end":{"line":201,"column":null}},"type":"if","locations":[{"start":{"line":199,"column":2},"end":{"line":201,"column":null}},{"start":{},"end":{}}],"line":199}},"s":{"0":44,"1":44,"2":6,"3":6,"4":6,"5":8,"6":8,"7":7,"8":7,"9":10,"10":10,"11":10,"12":3,"13":3,"14":28,"15":10,"16":10,"17":10,"18":1,"19":9,"20":6,"21":3,"22":2,"23":1,"24":18,"25":1,"26":17,"27":14,"28":14,"29":6,"30":8,"31":5,"32":3,"33":3,"34":15,"35":3,"36":12,"37":3,"38":9,"39":2,"40":7,"41":2,"42":5,"43":2,"44":3},"f":{"0":44,"1":6,"2":8,"3":7,"4":10,"5":3,"6":28,"7":15},"b":{"0":[10,18],"1":[1,9],"2":[6,3],"3":[9,4],"4":[2,1],"5":[1,0],"6":[1,17],"7":[18,2],"8":[14,3],"9":[17,17],"10":[6,8],"11":[14,12,10,10,10,9,8,8],"12":[6,0],"13":[5,3],"14":[8,6,6,5,4],"15":[5,0],"16":[3,1],"17":[3,2],"18":[3,12],"19":[3,9],"20":[2,7],"21":[2,5],"22":[2,3]},"meta":{"lastBranch":23,"lastFunction":8,"lastStatement":45,"seen":{"f:14:2:14:14":0,"s:15:4:15:Infinity":0,"s:16:4:16:Infinity":1,"f:29:2:29:14":1,"s:30:4:30:Infinity":2,"s:31:4:31:Infinity":3,"s:32:4:32:Infinity":4,"f:40:2:40:14":2,"s:41:4:41:Infinity":5,"s:42:4:42:Infinity":6,"f:50:2:50:14":3,"s:51:4:51:Infinity":7,"s:52:4:52:Infinity":8,"f:64:2:64:14":4,"s:65:4:65:Infinity":9,"s:66:4:66:Infinity":10,"s:67:4:67:Infinity":11,"f:75:2:75:14":5,"s:76:4:76:Infinity":12,"s:77:4:77:Infinity":13,"f:92:16:92:Infinity":6,"b:99:2:128:Infinity:undefined:undefined:undefined:undefined":0,"s:99:2:128:Infinity":14,"s:100:20:100:Infinity":15,"s:101:17:101:Infinity":16,"b:104:4:109:Infinity:undefined:undefined:undefined:undefined":1,"s:104:4:109:Infinity":17,"s:105:6:108:Infinity":18,"b:112:4:114:Infinity:undefined:undefined:undefined:undefined":2,"s:112:4:114:Infinity":19,"b:112:8:112:33:112:33:112:55":3,"s:113:6:113:Infinity":20,"b:117:4:121:Infinity:undefined:undefined:undefined:undefined":4,"s:117:4:121:Infinity":21,"s:118:6:120:Infinity":22,"s:124:4:127:Infinity":23,"b:125:6:125:21:125:21:125:Infinity":5,"b:131:2:133:Infinity:undefined:undefined:undefined:undefined":6,"s:131:2:133:Infinity":24,"b:131:6:131:30:131:30:131:49":7,"s:132:4:132:Infinity":25,"b:136:2:172:Infinity:undefined:undefined:undefined:undefined":8,"s:136:2:172:Infinity":26,"b:136:6:136:27:136:27:136:43":9,"s:137:24:137:Infinity":27,"b:140:4:153:Infinity:undefined:undefined:undefined:undefined":10,"s:140:4:153:Infinity":28,"b:141:6:141:Infinity:142:6:142:Infinity:143:6:143:Infinity:144:6:144:Infinity:145:6:145:Infinity:146:6:146:Infinity:147:6:147:Infinity:148:6:148:Infinity":11,"s:150:6:152:Infinity":29,"b:151:8:151:25:151:25:151:Infinity":12,"b:156:4:166:Infinity:undefined:undefined:undefined:undefined":13,"s:156:4:166:Infinity":30,"b:157:6:157:Infinity:158:6:158:Infinity:159:6:159:Infinity:160:6:160:Infinity:161:6:161:Infinity":14,"s:163:6:165:Infinity":31,"b:164:8:164:25:164:25:164:Infinity":15,"s:169:4:171:Infinity":32,"b:170:51:170:68:170:68:170:Infinity":16,"s:177:2:177:Infinity":33,"b:177:22:177:39:177:39:177:66":17,"f:186:16:186:39":7,"b:187:2:189:Infinity:undefined:undefined:undefined:undefined":18,"s:187:2:189:Infinity":34,"s:188:4:188:Infinity":35,"b:190:2:192:Infinity:undefined:undefined:undefined:undefined":19,"s:190:2:192:Infinity":36,"s:191:4:191:Infinity":37,"b:193:2:195:Infinity:undefined:undefined:undefined:undefined":20,"s:193:2:195:Infinity":38,"s:194:4:194:Infinity":39,"b:196:2:198:Infinity:undefined:undefined:undefined:undefined":21,"s:196:2:198:Infinity":40,"s:197:4:197:Infinity":41,"b:199:2:201:Infinity:undefined:undefined:undefined:undefined":22,"s:199:2:201:Infinity":42,"s:200:4:200:Infinity":43,"s:202:2:202:Infinity":44},"fnNames":{}}}
,"/home/wangy/dev/replyflow-mcp/src/history.ts": {"path":"/home/wangy/dev/replyflow-mcp/src/history.ts","statementMap":{"0":{"start":{"line":22,"column":20},"end":{"line":22,"column":null}},"1":{"start":{"line":23,"column":21},"end":{"line":23,"column":null}},"2":{"start":{"line":30,"column":2},"end":{"line":32,"column":null}},"3":{"start":{"line":31,"column":4},"end":{"line":31,"column":null}},"4":{"start":{"line":36,"column":2},"end":{"line":39,"column":null}},"5":{"start":{"line":37,"column":4},"end":{"line":37,"column":null}},"6":{"start":{"line":38,"column":4},"end":{"line":38,"column":null}},"7":{"start":{"line":40,"column":2},"end":{"line":50,"column":null}},"8":{"start":{"line":41,"column":16},"end":{"line":41,"column":null}},"9":{"start":{"line":42,"column":20},"end":{"line":42,"column":null}},"10":{"start":{"line":43,"column":4},"end":{"line":43,"column":null}},"11":{"start":{"line":44,"column":4},"end":{"line":44,"column":null}},"12":{"start":{"line":46,"column":4},"end":{"line":48,"column":null}},"13":{"start":{"line":49,"column":4},"end":{"line":49,"column":null}},"14":{"start":{"line":54,"column":2},"end":{"line":54,"column":null}},"15":{"start":{"line":55,"column":2},"end":{"line":55,"column":null}},"16":{"start":{"line":59,"column":2},"end":{"line":59,"column":null}},"17":{"start":{"line":59,"column":28},"end":{"line":59,"column":null}},"18":{"start":{"line":60,"column":2},"end":{"line":60,"column":null}},"19":{"start":{"line":60,"column":40},"end":{"line":60,"column":44}},"20":{"start":{"line":77,"column":18},"end":{"line":77,"column":null}},"21":{"start":{"line":78,"column":13},"end":{"line":78,"column":null}},"22":{"start":{"line":79,"column":30},"end":{"line":89,"column":null}},"23":{"start":{"line":90,"column":2},"end":{"line":90,"column":null}},"24":{"start":{"line":91,"column":2},"end":{"line":91,"column":null}},"25":{"start":{"line":92,"column":2},"end":{"line":94,"column":null}},"26":{"start":{"line":95,"column":2},"end":{"line":95,"column":null}},"27":{"start":{"line":107,"column":16},"end":{"line":107,"column":null}},"28":{"start":{"line":110,"column":2},"end":{"line":112,"column":null}},"29":{"start":{"line":111,"column":14},"end":{"line":111,"column":null}},"30":{"start":{"line":114,"column":2},"end":{"line":116,"column":null}},"31":{"start":{"line":115,"column":4},"end":{"line":115,"column":null}},"32":{"start":{"line":115,"column":36},"end":{"line":115,"column":57}},"33":{"start":{"line":118,"column":2},"end":{"line":120,"column":null}},"34":{"start":{"line":119,"column":4},"end":{"line":119,"column":null}},"35":{"start":{"line":119,"column":36},"end":{"line":119,"column":55}},"36":{"start":{"line":122,"column":2},"end":{"line":122,"column":null}},"37":{"start":{"line":129,"column":18},"end":{"line":129,"column":null}},"38":{"start":{"line":130,"column":2},"end":{"line":130,"column":null}},"39":{"start":{"line":130,"column":36},"end":{"line":130,"column":45}},"40":{"start":{"line":156,"column":4},"end":{"line":172,"column":null}},"41":{"start":{"line":158,"column":6},"end":{"line":171,"column":null}},"42":{"start":{"line":160,"column":40},"end":{"line":160,"column":null}},"43":{"start":{"line":161,"column":21},"end":{"line":161,"column":null}},"44":{"start":{"line":162,"column":8},"end":{"line":162,"column":null}},"45":{"start":{"line":162,"column":40},"end":{"line":162,"column":null}},"46":{"start":{"line":163,"column":8},"end":{"line":168,"column":null}},"47":{"start":{"line":165,"column":74},"end":{"line":167,"column":12}},"48":{"start":{"line":170,"column":8},"end":{"line":170,"column":null}},"49":{"start":{"line":174,"column":18},"end":{"line":174,"column":null}},"50":{"start":{"line":175,"column":22},"end":{"line":175,"column":null}},"51":{"start":{"line":175,"column":44},"end":{"line":175,"column":76}},"52":{"start":{"line":176,"column":34},"end":{"line":176,"column":null}},"53":{"start":{"line":178,"column":2},"end":{"line":196,"column":null}},"54":{"start":{"line":179,"column":19},"end":{"line":179,"column":null}},"55":{"start":{"line":180,"column":4},"end":{"line":180,"column":null}},"56":{"start":{"line":180,"column":17},"end":{"line":180,"column":null}},"57":{"start":{"line":182,"column":29},"end":{"line":182,"column":null}},"58":{"start":{"line":185,"column":29},"end":{"line":190,"column":null}},"59":{"start":{"line":187,"column":8},"end":{"line":189,"column":null}},"60":{"start":{"line":192,"column":4},"end":{"line":195,"column":null}},"61":{"start":{"line":193,"column":6},"end":{"line":193,"column":null}},"62":{"start":{"line":194,"column":6},"end":{"line":194,"column":null}},"63":{"start":{"line":198,"column":2},"end":{"line":201,"column":null}},"64":{"start":{"line":199,"column":4},"end":{"line":199,"column":null}},"65":{"start":{"line":200,"column":4},"end":{"line":200,"column":null}},"66":{"start":{"line":203,"column":2},"end":{"line":203,"column":null}},"67":{"start":{"line":210,"column":18},"end":{"line":210,"column":null}},"68":{"start":{"line":211,"column":2},"end":{"line":215,"column":null}},"69":{"start":{"line":212,"column":19},"end":{"line":212,"column":41}},"70":{"start":{"line":214,"column":16},"end":{"line":214,"column":null}},"71":{"start":{"line":226,"column":18},"end":{"line":226,"column":null}},"72":{"start":{"line":227,"column":16},"end":{"line":227,"column":null}},"73":{"start":{"line":227,"column":36},"end":{"line":227,"column":47}},"74":{"start":{"line":228,"column":2},"end":{"line":228,"column":null}},"75":{"start":{"line":228,"column":14},"end":{"line":228,"column":null}},"76":{"start":{"line":230,"column":2},"end":{"line":230,"column":null}},"77":{"start":{"line":231,"column":2},"end":{"line":231,"column":null}},"78":{"start":{"line":232,"column":2},"end":{"line":232,"column":null}},"79":{"start":{"line":240,"column":2},"end":{"line":240,"column":null}}},"fnMap":{"0":{"name":"ensureDir","decl":{"start":{"line":29,"column":9},"end":{"line":29,"column":27}},"loc":{"start":{"line":29,"column":27},"end":{"line":33,"column":null}},"line":29},"1":{"name":"readAllEntries","decl":{"start":{"line":35,"column":9},"end":{"line":35,"column":42}},"loc":{"start":{"line":35,"column":42},"end":{"line":51,"column":null}},"line":35},"2":{"name":"writeAllEntries","decl":{"start":{"line":53,"column":9},"end":{"line":53,"column":25}},"loc":{"start":{"line":53,"column":56},"end":{"line":56,"column":null}},"line":53},"3":{"name":"getNextId","decl":{"start":{"line":58,"column":9},"end":{"line":58,"column":19}},"loc":{"start":{"line":58,"column":52},"end":{"line":61,"column":null}},"line":58},"4":{"name":"(anonymous_4)","decl":{"start":{"line":60,"column":29},"end":{"line":60,"column":34}},"loc":{"start":{"line":60,"column":40},"end":{"line":60,"column":44}},"line":60},"5":{"name":"appendHistory","decl":{"start":{"line":69,"column":16},"end":{"line":69,"column":null}},"loc":{"start":{"line":76,"column":16},"end":{"line":96,"column":null}},"line":76},"6":{"name":"readHistory","decl":{"start":{"line":102,"column":16},"end":{"line":102,"column":null}},"loc":{"start":{"line":106,"column":18},"end":{"line":123,"column":null}},"line":106},"7":{"name":"(anonymous_7)","decl":{"start":{"line":110,"column":10},"end":{"line":110,"column":null}},"loc":{"start":{"line":111,"column":14},"end":{"line":111,"column":null}},"line":111},"8":{"name":"(anonymous_8)","decl":{"start":{"line":115,"column":22},"end":{"line":115,"column":30}},"loc":{"start":{"line":115,"column":36},"end":{"line":115,"column":57}},"line":115},"9":{"name":"(anonymous_9)","decl":{"start":{"line":119,"column":22},"end":{"line":119,"column":30}},"loc":{"start":{"line":119,"column":36},"end":{"line":119,"column":55}},"line":119},"10":{"name":"getRepliedTweetIds","decl":{"start":{"line":128,"column":16},"end":{"line":128,"column":50}},"loc":{"start":{"line":128,"column":50},"end":{"line":131,"column":null}},"line":128},"11":{"name":"(anonymous_11)","decl":{"start":{"line":130,"column":25},"end":{"line":130,"column":30}},"loc":{"start":{"line":130,"column":36},"end":{"line":130,"column":45}},"line":130},"12":{"name":"checkForReplies","decl":{"start":{"line":148,"column":16},"end":{"line":148,"column":null}},"loc":{"start":{"line":153,"column":18},"end":{"line":204,"column":null}},"line":153},"13":{"name":"(anonymous_13)","decl":{"start":{"line":156,"column":4},"end":{"line":156,"column":null}},"loc":{"start":{"line":157,"column":26},"end":{"line":172,"column":null}},"line":157},"14":{"name":"(anonymous_14)","decl":{"start":{"line":165,"column":33},"end":{"line":165,"column":38}},"loc":{"start":{"line":165,"column":74},"end":{"line":167,"column":12}},"line":165},"15":{"name":"(anonymous_15)","decl":{"start":{"line":175,"column":30},"end":{"line":175,"column":38}},"loc":{"start":{"line":175,"column":44},"end":{"line":175,"column":76}},"line":175},"16":{"name":"(anonymous_16)","decl":{"start":{"line":185,"column":44},"end":{"line":185,"column":null}},"loc":{"start":{"line":187,"column":8},"end":{"line":189,"column":null}},"line":187},"17":{"name":"getFollowUpTweets","decl":{"start":{"line":209,"column":16},"end":{"line":209,"column":52}},"loc":{"start":{"line":209,"column":52},"end":{"line":216,"column":null}},"line":209},"18":{"name":"(anonymous_18)","decl":{"start":{"line":212,"column":5},"end":{"line":212,"column":13}},"loc":{"start":{"line":212,"column":19},"end":{"line":212,"column":41}},"line":212},"19":{"name":"(anonymous_19)","decl":{"start":{"line":213,"column":5},"end":{"line":213,"column":null}},"loc":{"start":{"line":214,"column":16},"end":{"line":214,"column":null}},"line":214},"20":{"name":"updateEntryStatus","decl":{"start":{"line":222,"column":16},"end":{"line":222,"column":null}},"loc":{"start":{"line":225,"column":28},"end":{"line":233,"column":null}},"line":225},"21":{"name":"(anonymous_21)","decl":{"start":{"line":227,"column":24},"end":{"line":227,"column":30}},"loc":{"start":{"line":227,"column":36},"end":{"line":227,"column":47}},"line":227},"22":{"name":"markAsFollowedUp","decl":{"start":{"line":239,"column":16},"end":{"line":239,"column":33}},"loc":{"start":{"line":239,"column":71},"end":{"line":241,"column":null}},"line":239}},"branchMap":{"0":{"loc":{"start":{"line":30,"column":2},"end":{"line":32,"column":null}},"type":"if","locations":[{"start":{"line":30,"column":2},"end":{"line":32,"column":null}},{"start":{},"end":{}}],"line":30},"1":{"loc":{"start":{"line":36,"column":2},"end":{"line":39,"column":null}},"type":"if","locations":[{"start":{"line":36,"column":2},"end":{"line":39,"column":null}},{"start":{},"end":{}}],"line":36},"2":{"loc":{"start":{"line":47,"column":39},"end":{"line":47,"column":null}},"type":"cond-expr","locations":[{"start":{"line":47,"column":62},"end":{"line":47,"column":76}},{"start":{"line":47,"column":76},"end":{"line":47,"column":null}}],"line":47},"3":{"loc":{"start":{"line":59,"column":2},"end":{"line":59,"column":null}},"type":"if","locations":[{"start":{"line":59,"column":2},"end":{"line":59,"column":null}},{"start":{},"end":{}}],"line":59},"4":{"loc":{"start":{"line":73,"column":2},"end":{"line":73,"column":null}},"type":"default-arg","locations":[{"start":{"line":73,"column":12},"end":{"line":73,"column":null}}],"line":73},"5":{"loc":{"start":{"line":81,"column":13},"end":{"line":81,"column":null}},"type":"binary-expr","locations":[{"start":{"line":81,"column":13},"end":{"line":81,"column":24}},{"start":{"line":81,"column":24},"end":{"line":81,"column":null}}],"line":81},"6":{"loc":{"start":{"line":93,"column":46},"end":{"line":93,"column":null}},"type":"binary-expr","locations":[{"start":{"line":93,"column":46},"end":{"line":93,"column":57}},{"start":{"line":93,"column":57},"end":{"line":93,"column":null}}],"line":93},"7":{"loc":{"start":{"line":104,"column":2},"end":{"line":104,"column":null}},"type":"default-arg","locations":[{"start":{"line":104,"column":10},"end":{"line":104,"column":null}}],"line":104},"8":{"loc":{"start":{"line":114,"column":2},"end":{"line":116,"column":null}},"type":"if","locations":[{"start":{"line":114,"column":2},"end":{"line":116,"column":null}},{"start":{},"end":{}}],"line":114},"9":{"loc":{"start":{"line":118,"column":2},"end":{"line":120,"column":null}},"type":"if","locations":[{"start":{"line":118,"column":2},"end":{"line":120,"column":null}},{"start":{},"end":{}}],"line":118},"10":{"loc":{"start":{"line":156,"column":4},"end":{"line":172,"column":null}},"type":"binary-expr","locations":[{"start":{"line":156,"column":4},"end":{"line":156,"column":null}},{"start":{"line":156,"column":4},"end":{"line":172,"column":null}}],"line":156},"11":{"loc":{"start":{"line":162,"column":8},"end":{"line":162,"column":null}},"type":"if","locations":[{"start":{"line":162,"column":8},"end":{"line":162,"column":null}},{"start":{},"end":{}}],"line":162},"12":{"loc":{"start":{"line":162,"column":12},"end":{"line":162,"column":40}},"type":"binary-expr","locations":[{"start":{"line":162,"column":12},"end":{"line":162,"column":21}},{"start":{"line":162,"column":21},"end":{"line":162,"column":40}}],"line":162},"13":{"loc":{"start":{"line":164,"column":20},"end":{"line":164,"column":null}},"type":"binary-expr","locations":[{"start":{"line":164,"column":20},"end":{"line":164,"column":43}},{"start":{"line":164,"column":43},"end":{"line":164,"column":null}}],"line":164},"14":{"loc":{"start":{"line":166,"column":22},"end":{"line":166,"column":null}},"type":"binary-expr","locations":[{"start":{"line":166,"column":22},"end":{"line":166,"column":38}},{"start":{"line":166,"column":38},"end":{"line":166,"column":null}}],"line":166},"15":{"loc":{"start":{"line":175,"column":44},"end":{"line":175,"column":76}},"type":"binary-expr","locations":[{"start":{"line":175,"column":44},"end":{"line":175,"column":67}},{"start":{"line":175,"column":67},"end":{"line":175,"column":76}}],"line":175},"16":{"loc":{"start":{"line":180,"column":4},"end":{"line":180,"column":null}},"type":"if","locations":[{"start":{"line":180,"column":4},"end":{"line":180,"column":null}},{"start":{},"end":{}}],"line":180},"17":{"loc":{"start":{"line":187,"column":8},"end":{"line":189,"column":null}},"type":"binary-expr","locations":[{"start":{"line":187,"column":8},"end":{"line":187,"column":null}},{"start":{"line":188,"column":8},"end":{"line":188,"column":null}},{"start":{"line":189,"column":8},"end":{"line":189,"column":null}}],"line":187},"18":{"loc":{"start":{"line":192,"column":4},"end":{"line":195,"column":null}},"type":"if","locations":[{"start":{"line":192,"column":4},"end":{"line":195,"column":null}},{"start":{},"end":{}}],"line":192},"19":{"loc":{"start":{"line":198,"column":2},"end":{"line":201,"column":null}},"type":"if","locations":[{"start":{"line":198,"column":2},"end":{"line":201,"column":null}},{"start":{},"end":{}}],"line":198},"20":{"loc":{"start":{"line":228,"column":2},"end":{"line":228,"column":null}},"type":"if","locations":[{"start":{"line":228,"column":2},"end":{"line":228,"column":null}},{"start":{},"end":{}}],"line":228}},"s":{"0":3,"1":3,"2":21,"3":5,"4":56,"5":13,"6":13,"7":43,"8":43,"9":43,"10":43,"11":43,"12":4,"13":4,"14":21,"15":21,"16":14,"17":12,"18":2,"19":4,"20":14,"21":14,"22":14,"23":14,"24":14,"25":14,"26":14,"27":14,"28":14,"29":95,"30":14,"31":4,"32":8,"33":14,"34":4,"35":14,"36":14,"37":5,"38":5,"39":7,"40":11,"41":0,"42":0,"43":0,"44":0,"45":0,"46":0,"47":0,"48":0,"49":11,"50":11,"51":15,"52":11,"53":11,"54":12,"55":12,"56":2,"57":10,"58":10,"59":8,"60":10,"61":5,"62":5,"63":11,"64":4,"65":4,"66":11,"67":7,"68":7,"69":10,"70":1,"71":5,"72":5,"73":4,"74":5,"75":2,"76":3,"77":3,"78":3,"79":3},"f":{"0":21,"1":56,"2":21,"3":14,"4":4,"5":14,"6":14,"7":95,"8":8,"9":14,"10":5,"11":7,"12":11,"13":0,"14":0,"15":15,"16":8,"17":7,"18":10,"19":1,"20":5,"21":4,"22":3},"b":{"0":[5,16],"1":[13,43],"2":[4,0],"3":[12,2],"4":[14],"5":[14,1],"6":[14,1],"7":[14],"8":[4,10],"9":[4,10],"10":[11,0],"11":[0,0],"12":[0,0],"13":[0,0],"14":[0,0],"15":[15,13],"16":[2,10],"17":[8,7,5],"18":[5,5],"19":[4,7],"20":[2,3]},"meta":{"lastBranch":21,"lastFunction":23,"lastStatement":80,"seen":{"s:22:20:22:Infinity":0,"s:23:21:23:Infinity":1,"f:29:9:29:27":0,"b:30:2:32:Infinity:undefined:undefined:undefined:undefined":0,"s:30:2:32:Infinity":2,"s:31:4:31:Infinity":3,"f:35:9:35:42":1,"b:36:2:39:Infinity:undefined:undefined:undefined:undefined":1,"s:36:2:39:Infinity":4,"s:37:4:37:Infinity":5,"s:38:4:38:Infinity":6,"s:40:2:50:Infinity":7,"s:41:16:41:Infinity":8,"s:42:20:42:Infinity":9,"s:43:4:43:Infinity":10,"s:44:4:44:Infinity":11,"s:46:4:48:Infinity":12,"b:47:62:47:76:47:76:47:Infinity":2,"s:49:4:49:Infinity":13,"f:53:9:53:25":2,"s:54:2:54:Infinity":14,"s:55:2:55:Infinity":15,"f:58:9:58:19":3,"b:59:2:59:Infinity:undefined:undefined:undefined:undefined":3,"s:59:2:59:Infinity":16,"s:59:28:59:Infinity":17,"s:60:2:60:Infinity":18,"f:60:29:60:34":4,"s:60:40:60:44":19,"f:69:16:69:Infinity":5,"b:73:12:73:Infinity":4,"s:77:18:77:Infinity":20,"s:78:13:78:Infinity":21,"s:79:30:89:Infinity":22,"b:81:13:81:24:81:24:81:Infinity":5,"s:90:2:90:Infinity":23,"s:91:2:91:Infinity":24,"s:92:2:94:Infinity":25,"b:93:46:93:57:93:57:93:Infinity":6,"s:95:2:95:Infinity":26,"f:102:16:102:Infinity":6,"b:104:10:104:Infinity":7,"s:107:16:107:Infinity":27,"s:110:2:112:Infinity":28,"f:110:10:110:Infinity":7,"s:111:14:111:Infinity":29,"b:114:2:116:Infinity:undefined:undefined:undefined:undefined":8,"s:114:2:116:Infinity":30,"s:115:4:115:Infinity":31,"f:115:22:115:30":8,"s:115:36:115:57":32,"b:118:2:120:Infinity:undefined:undefined:undefined:undefined":9,"s:118:2:120:Infinity":33,"s:119:4:119:Infinity":34,"f:119:22:119:30":9,"s:119:36:119:55":35,"s:122:2:122:Infinity":36,"f:128:16:128:50":10,"s:129:18:129:Infinity":37,"s:130:2:130:Infinity":38,"f:130:25:130:30":11,"s:130:36:130:45":39,"f:148:16:148:Infinity":12,"s:156:4:172:Infinity":40,"b:156:4:156:Infinity:156:4:172:Infinity":10,"f:156:4:156:Infinity":13,"s:158:6:171:Infinity":41,"s:160:40:160:Infinity":42,"s:161:21:161:Infinity":43,"b:162:8:162:Infinity:undefined:undefined:undefined:undefined":11,"s:162:8:162:Infinity":44,"b:162:12:162:21:162:21:162:40":12,"s:162:40:162:Infinity":45,"s:163:8:168:Infinity":46,"b:164:20:164:43:164:43:164:Infinity":13,"f:165:33:165:38":14,"s:165:74:167:12":47,"b:166:22:166:38:166:38:166:Infinity":14,"s:170:8:170:Infinity":48,"s:174:18:174:Infinity":49,"s:175:22:175:Infinity":50,"f:175:30:175:38":15,"s:175:44:175:76":51,"b:175:44:175:67:175:67:175:76":15,"s:176:34:176:Infinity":52,"s:178:2:196:Infinity":53,"s:179:19:179:Infinity":54,"b:180:4:180:Infinity:undefined:undefined:undefined:undefined":16,"s:180:4:180:Infinity":55,"s:180:17:180:Infinity":56,"s:182:29:182:Infinity":57,"s:185:29:190:Infinity":58,"f:185:44:185:Infinity":16,"s:187:8:189:Infinity":59,"b:187:8:187:Infinity:188:8:188:Infinity:189:8:189:Infinity":17,"b:192:4:195:Infinity:undefined:undefined:undefined:undefined":18,"s:192:4:195:Infinity":60,"s:193:6:193:Infinity":61,"s:194:6:194:Infinity":62,"b:198:2:201:Infinity:undefined:undefined:undefined:undefined":19,"s:198:2:201:Infinity":63,"s:199:4:199:Infinity":64,"s:200:4:200:Infinity":65,"s:203:2:203:Infinity":66,"f:209:16:209:52":17,"s:210:18:210:Infinity":67,"s:211:2:215:Infinity":68,"f:212:5:212:13":18,"s:212:19:212:41":69,"f:213:5:213:Infinity":19,"s:214:16:214:Infinity":70,"f:222:16:222:Infinity":20,"s:226:18:226:Infinity":71,"s:227:16:227:Infinity":72,"f:227:24:227:30":21,"s:227:36:227:47":73,"b:228:2:228:Infinity:undefined:undefined:undefined:undefined":20,"s:228:2:228:Infinity":74,"s:228:14:228:Infinity":75,"s:230:2:230:Infinity":76,"s:231:2:231:Infinity":77,"s:232:2:232:Infinity":78,"f:239:16:239:33":22,"s:240:2:240:Infinity":79},"fnNames":{}}}
,"/home/wangy/dev/replyflow-mcp/src/index.ts": {"path":"/home/wangy/dev/replyflow-mcp/src/index.ts","statementMap":{"0":{"start":{"line":35,"column":22},"end":{"line":35,"column":null}},"1":{"start":{"line":36,"column":18},"end":{"line":36,"column":null}},"2":{"start":{"line":38,"column":2},"end":{"line":41,"column":null}},"3":{"start":{"line":44,"column":2},"end":{"line":51,"column":null}},"4":{"start":{"line":48,"column":38},"end":{"line":48,"column":null}},"5":{"start":{"line":49,"column":17},"end":{"line":49,"column":null}},"6":{"start":{"line":50,"column":6},"end":{"line":50,"column":null}},"7":{"start":{"line":54,"column":2},"end":{"line":59,"column":null}},"8":{"start":{"line":58,"column":6},"end":{"line":58,"column":null}},"9":{"start":{"line":62,"column":2},"end":{"line":62,"column":null}},"10":{"start":{"line":68,"column":17},"end":{"line":78,"column":null}},"11":{"start":{"line":81,"column":17},"end":{"line":81,"column":36}},"12":{"start":{"line":82,"column":20},"end":{"line":82,"column":null}},"13":{"start":{"line":83,"column":25},"end":{"line":83,"column":null}},"14":{"start":{"line":86,"column":2},"end":{"line":88,"column":null}},"15":{"start":{"line":87,"column":4},"end":{"line":87,"column":null}},"16":{"start":{"line":90,"column":2},"end":{"line":101,"column":null}},"17":{"start":{"line":91,"column":4},"end":{"line":93,"column":null}},"18":{"start":{"line":94,"column":4},"end":{"line":94,"column":null}},"19":{"start":{"line":95,"column":9},"end":{"line":101,"column":null}},"20":{"start":{"line":96,"column":4},"end":{"line":98,"column":null}},"21":{"start":{"line":100,"column":4},"end":{"line":100,"column":null}},"22":{"start":{"line":111,"column":4},"end":{"line":121,"column":null}},"23":{"start":{"line":111,"column":32},"end":{"line":121,"column":6}},"24":{"start":{"line":126,"column":2},"end":{"line":159,"column":null}},"25":{"start":{"line":135,"column":6},"end":{"line":157,"column":null}},"26":{"start":{"line":136,"column":23},"end":{"line":136,"column":42}},"27":{"start":{"line":137,"column":23},"end":{"line":137,"column":null}},"28":{"start":{"line":140,"column":27},"end":{"line":140,"column":46}},"29":{"start":{"line":141,"column":8},"end":{"line":147,"column":null}},"30":{"start":{"line":142,"column":10},"end":{"line":146,"column":null}},"31":{"start":{"line":143,"column":12},"end":{"line":145,"column":null}},"32":{"start":{"line":144,"column":14},"end":{"line":144,"column":null}},"33":{"start":{"line":149,"column":8},"end":{"line":156,"column":null}},"34":{"start":{"line":163,"column":24},"end":{"line":169,"column":null}},"35":{"start":{"line":171,"column":2},"end":{"line":220,"column":null}},"36":{"start":{"line":195,"column":6},"end":{"line":218,"column":null}},"37":{"start":{"line":196,"column":24},"end":{"line":196,"column":null}},"38":{"start":{"line":197,"column":22},"end":{"line":204,"column":null}},"39":{"start":{"line":205,"column":8},"end":{"line":217,"column":null}},"40":{"start":{"line":224,"column":2},"end":{"line":355,"column":null}},"41":{"start":{"line":260,"column":6},"end":{"line":353,"column":null}},"42":{"start":{"line":261,"column":49},"end":{"line":261,"column":null}},"43":{"start":{"line":264,"column":8},"end":{"line":300,"column":null}},"44":{"start":{"line":265,"column":10},"end":{"line":265,"column":null}},"45":{"start":{"line":268,"column":10},"end":{"line":299,"column":null}},"46":{"start":{"line":274,"column":31},"end":{"line":274,"column":50}},"47":{"start":{"line":275,"column":35},"end":{"line":275,"column":null}},"48":{"start":{"line":277,"column":29},"end":{"line":277,"column":null}},"49":{"start":{"line":278,"column":12},"end":{"line":297,"column":null}},"50":{"start":{"line":298,"column":12},"end":{"line":298,"column":null}},"51":{"start":{"line":302,"column":8},"end":{"line":304,"column":null}},"52":{"start":{"line":303,"column":10},"end":{"line":303,"column":null}},"53":{"start":{"line":306,"column":8},"end":{"line":308,"column":null}},"54":{"start":{"line":307,"column":10},"end":{"line":307,"column":null}},"55":{"start":{"line":310,"column":8},"end":{"line":312,"column":null}},"56":{"start":{"line":311,"column":10},"end":{"line":311,"column":null}},"57":{"start":{"line":314,"column":8},"end":{"line":327,"column":null}},"58":{"start":{"line":315,"column":10},"end":{"line":326,"column":null}},"59":{"start":{"line":329,"column":8},"end":{"line":329,"column":null}},"60":{"start":{"line":330,"column":20},"end":{"line":330,"column":39}},"61":{"start":{"line":332,"column":30},"end":{"line":334,"column":null}},"62":{"start":{"line":336,"column":8},"end":{"line":352,"column":null}},"63":{"start":{"line":359,"column":2},"end":{"line":394,"column":null}},"64":{"start":{"line":360,"column":4},"end":{"line":393,"column":null}},"65":{"start":{"line":361,"column":18},"end":{"line":361,"column":37}},"66":{"start":{"line":362,"column":28},"end":{"line":362,"column":45}},"67":{"start":{"line":363,"column":21},"end":{"line":363,"column":null}},"68":{"start":{"line":365,"column":28},"end":{"line":367,"column":null}},"69":{"start":{"line":369,"column":6},"end":{"line":392,"column":null}},"70":{"start":{"line":398,"column":2},"end":{"line":429,"column":null}},"71":{"start":{"line":406,"column":6},"end":{"line":427,"column":null}},"72":{"start":{"line":407,"column":8},"end":{"line":407,"column":null}},"73":{"start":{"line":410,"column":8},"end":{"line":410,"column":null}},"74":{"start":{"line":413,"column":27},"end":{"line":413,"column":44}},"75":{"start":{"line":415,"column":8},"end":{"line":426,"column":null}},"76":{"start":{"line":433,"column":2},"end":{"line":467,"column":null}},"77":{"start":{"line":448,"column":6},"end":{"line":465,"column":null}},"78":{"start":{"line":449,"column":24},"end":{"line":453,"column":null}},"79":{"start":{"line":454,"column":8},"end":{"line":464,"column":null}},"80":{"start":{"line":471,"column":2},"end":{"line":570,"column":null}},"81":{"start":{"line":482,"column":6},"end":{"line":568,"column":null}},"82":{"start":{"line":484,"column":8},"end":{"line":514,"column":null}},"83":{"start":{"line":485,"column":24},"end":{"line":485,"column":null}},"84":{"start":{"line":486,"column":10},"end":{"line":498,"column":null}},"85":{"start":{"line":487,"column":12},"end":{"line":497,"column":null}},"86":{"start":{"line":499,"column":10},"end":{"line":513,"column":null}},"87":{"start":{"line":517,"column":8},"end":{"line":567,"column":null}},"88":{"start":{"line":518,"column":31},"end":{"line":518,"column":47}},"89":{"start":{"line":521,"column":28},"end":{"line":521,"column":46}},"90":{"start":{"line":523,"column":10},"end":{"line":549,"column":null}},"91":{"start":{"line":529,"column":57},"end":{"line":534,"column":20}},"92":{"start":{"line":535,"column":51},"end":{"line":544,"column":20}},"93":{"start":{"line":551,"column":10},"end":{"line":566,"column":null}},"94":{"start":{"line":557,"column":61},"end":{"line":562,"column":20}},"95":{"start":{"line":573,"column":20},"end":{"line":573,"column":null}},"96":{"start":{"line":574,"column":2},"end":{"line":574,"column":null}},"97":{"start":{"line":575,"column":2},"end":{"line":575,"column":null}},"98":{"start":{"line":576,"column":2},"end":{"line":576,"column":null}},"99":{"start":{"line":579,"column":2},"end":{"line":579,"column":null}},"100":{"start":{"line":582,"column":2},"end":{"line":582,"column":null}},"101":{"start":{"line":597,"column":22},"end":{"line":597,"column":null}},"102":{"start":{"line":599,"column":2},"end":{"line":602,"column":null}},"103":{"start":{"line":600,"column":4},"end":{"line":600,"column":null}},"104":{"start":{"line":601,"column":4},"end":{"line":601,"column":null}},"105":{"start":{"line":604,"column":21},"end":{"line":604,"column":null}},"106":{"start":{"line":605,"column":2},"end":{"line":605,"column":null}},"107":{"start":{"line":607,"column":18},"end":{"line":626,"column":null}},"108":{"start":{"line":608,"column":4},"end":{"line":625,"column":null}},"109":{"start":{"line":609,"column":27},"end":{"line":609,"column":43}},"110":{"start":{"line":611,"column":6},"end":{"line":614,"column":null}},"111":{"start":{"line":612,"column":8},"end":{"line":612,"column":null}},"112":{"start":{"line":613,"column":8},"end":{"line":613,"column":null}},"113":{"start":{"line":616,"column":6},"end":{"line":620,"column":null}},"114":{"start":{"line":617,"column":8},"end":{"line":619,"column":null}},"115":{"start":{"line":622,"column":6},"end":{"line":624,"column":null}},"116":{"start":{"line":629,"column":8},"end":{"line":632,"column":null}},"117":{"start":{"line":630,"column":4},"end":{"line":630,"column":null}},"118":{"start":{"line":631,"column":4},"end":{"line":631,"column":null}},"119":{"start":{"line":634,"column":2},"end":{"line":634,"column":null}},"120":{"start":{"line":635,"column":2},"end":{"line":635,"column":null}},"121":{"start":{"line":650,"column":22},"end":{"line":650,"column":null}},"122":{"start":{"line":652,"column":2},"end":{"line":655,"column":null}},"123":{"start":{"line":653,"column":4},"end":{"line":653,"column":null}},"124":{"start":{"line":654,"column":4},"end":{"line":654,"column":null}},"125":{"start":{"line":657,"column":21},"end":{"line":657,"column":null}},"126":{"start":{"line":658,"column":2},"end":{"line":658,"column":null}},"127":{"start":{"line":661,"column":18},"end":{"line":661,"column":null}},"128":{"start":{"line":663,"column":18},"end":{"line":694,"column":null}},"129":{"start":{"line":664,"column":4},"end":{"line":693,"column":null}},"130":{"start":{"line":665,"column":18},"end":{"line":665,"column":37}},"131":{"start":{"line":666,"column":21},"end":{"line":666,"column":null}},"132":{"start":{"line":668,"column":6},"end":{"line":671,"column":null}},"133":{"start":{"line":669,"column":8},"end":{"line":669,"column":null}},"134":{"start":{"line":670,"column":8},"end":{"line":670,"column":null}},"135":{"start":{"line":674,"column":24},"end":{"line":674,"column":null}},"136":{"start":{"line":674,"column":45},"end":{"line":674,"column":63}},"137":{"start":{"line":677,"column":6},"end":{"line":679,"column":null}},"138":{"start":{"line":678,"column":8},"end":{"line":678,"column":null}},"139":{"start":{"line":681,"column":6},"end":{"line":684,"column":null}},"140":{"start":{"line":682,"column":8},"end":{"line":682,"column":null}},"141":{"start":{"line":683,"column":8},"end":{"line":683,"column":null}},"142":{"start":{"line":686,"column":6},"end":{"line":688,"column":null}},"143":{"start":{"line":690,"column":6},"end":{"line":692,"column":null}},"144":{"start":{"line":697,"column":8},"end":{"line":700,"column":null}},"145":{"start":{"line":698,"column":4},"end":{"line":698,"column":null}},"146":{"start":{"line":699,"column":4},"end":{"line":699,"column":null}},"147":{"start":{"line":702,"column":2},"end":{"line":702,"column":null}},"148":{"start":{"line":703,"column":2},"end":{"line":703,"column":null}},"149":{"start":{"line":708,"column":0},"end":{"line":713,"column":null}},"150":{"start":{"line":709,"column":2},"end":{"line":711,"column":null}},"151":{"start":{"line":712,"column":2},"end":{"line":712,"column":null}}},"fnMap":{"0":{"name":"main","decl":{"start":{"line":33,"column":15},"end":{"line":33,"column":22}},"loc":{"start":{"line":33,"column":22},"end":{"line":63,"column":null}},"line":33},"1":{"name":"(anonymous_1)","decl":{"start":{"line":47,"column":12},"end":{"line":47,"column":24}},"loc":{"start":{"line":47,"column":24},"end":{"line":51,"column":5}},"line":47},"2":{"name":"(anonymous_2)","decl":{"start":{"line":57,"column":12},"end":{"line":57,"column":24}},"loc":{"start":{"line":57,"column":24},"end":{"line":59,"column":5}},"line":57},"3":{"name":"startServer","decl":{"start":{"line":67,"column":15},"end":{"line":67,"column":29}},"loc":{"start":{"line":67,"column":29},"end":{"line":583,"column":null}},"line":67},"4":{"name":"withErrorHandling","decl":{"start":{"line":105,"column":11},"end":{"line":105,"column":null}},"loc":{"start":{"line":110,"column":4},"end":{"line":122,"column":null}},"line":110},"5":{"name":"(anonymous_5)","decl":{"start":{"line":111,"column":16},"end":{"line":111,"column":23}},"loc":{"start":{"line":111,"column":32},"end":{"line":121,"column":6}},"line":111},"6":{"name":"(anonymous_6)","decl":{"start":{"line":134,"column":4},"end":{"line":134,"column":11}},"loc":{"start":{"line":134,"column":20},"end":{"line":158,"column":null}},"line":134},"7":{"name":"(anonymous_7)","decl":{"start":{"line":135,"column":31},"end":{"line":135,"column":43}},"loc":{"start":{"line":135,"column":43},"end":{"line":157,"column":7}},"line":135},"8":{"name":"(anonymous_8)","decl":{"start":{"line":194,"column":4},"end":{"line":194,"column":11}},"loc":{"start":{"line":194,"column":20},"end":{"line":219,"column":null}},"line":194},"9":{"name":"(anonymous_9)","decl":{"start":{"line":195,"column":31},"end":{"line":195,"column":43}},"loc":{"start":{"line":195,"column":43},"end":{"line":218,"column":7}},"line":195},"10":{"name":"(anonymous_10)","decl":{"start":{"line":259,"column":4},"end":{"line":259,"column":11}},"loc":{"start":{"line":259,"column":20},"end":{"line":354,"column":null}},"line":259},"11":{"name":"(anonymous_11)","decl":{"start":{"line":260,"column":31},"end":{"line":260,"column":43}},"loc":{"start":{"line":260,"column":43},"end":{"line":353,"column":7}},"line":260},"12":{"name":"(anonymous_12)","decl":{"start":{"line":359,"column":45},"end":{"line":359,"column":57}},"loc":{"start":{"line":359,"column":57},"end":{"line":394,"column":3}},"line":359},"13":{"name":"(anonymous_13)","decl":{"start":{"line":360,"column":29},"end":{"line":360,"column":41}},"loc":{"start":{"line":360,"column":41},"end":{"line":393,"column":5}},"line":360},"14":{"name":"(anonymous_14)","decl":{"start":{"line":405,"column":4},"end":{"line":405,"column":11}},"loc":{"start":{"line":405,"column":20},"end":{"line":428,"column":null}},"line":405},"15":{"name":"(anonymous_15)","decl":{"start":{"line":406,"column":31},"end":{"line":406,"column":43}},"loc":{"start":{"line":406,"column":43},"end":{"line":427,"column":7}},"line":406},"16":{"name":"(anonymous_16)","decl":{"start":{"line":447,"column":4},"end":{"line":447,"column":11}},"loc":{"start":{"line":447,"column":20},"end":{"line":466,"column":null}},"line":447},"17":{"name":"(anonymous_17)","decl":{"start":{"line":448,"column":31},"end":{"line":448,"column":43}},"loc":{"start":{"line":448,"column":43},"end":{"line":465,"column":7}},"line":448},"18":{"name":"(anonymous_18)","decl":{"start":{"line":481,"column":4},"end":{"line":481,"column":11}},"loc":{"start":{"line":481,"column":20},"end":{"line":569,"column":null}},"line":481},"19":{"name":"(anonymous_19)","decl":{"start":{"line":482,"column":31},"end":{"line":482,"column":43}},"loc":{"start":{"line":482,"column":43},"end":{"line":568,"column":7}},"line":482},"20":{"name":"(anonymous_20)","decl":{"start":{"line":529,"column":45},"end":{"line":529,"column":50}},"loc":{"start":{"line":529,"column":57},"end":{"line":534,"column":20}},"line":529},"21":{"name":"(anonymous_21)","decl":{"start":{"line":535,"column":39},"end":{"line":535,"column":44}},"loc":{"start":{"line":535,"column":51},"end":{"line":544,"column":20}},"line":535},"22":{"name":"(anonymous_22)","decl":{"start":{"line":557,"column":49},"end":{"line":557,"column":54}},"loc":{"start":{"line":557,"column":61},"end":{"line":562,"column":20}},"line":557},"23":{"name":"startFollowUpChecker","decl":{"start":{"line":594,"column":9},"end":{"line":594,"column":null}},"loc":{"start":{"line":596,"column":8},"end":{"line":636,"column":null}},"line":596},"24":{"name":"(anonymous_24)","decl":{"start":{"line":607,"column":30},"end":{"line":607,"column":42}},"loc":{"start":{"line":607,"column":42},"end":{"line":626,"column":5}},"line":607},"25":{"name":"(anonymous_25)","decl":{"start":{"line":629,"column":8},"end":{"line":629,"column":24}},"loc":{"start":{"line":629,"column":24},"end":{"line":632,"column":null}},"line":629},"26":{"name":"startSearchPoller","decl":{"start":{"line":647,"column":9},"end":{"line":647,"column":null}},"loc":{"start":{"line":649,"column":8},"end":{"line":704,"column":null}},"line":649},"27":{"name":"(anonymous_27)","decl":{"start":{"line":663,"column":30},"end":{"line":663,"column":42}},"loc":{"start":{"line":663,"column":42},"end":{"line":694,"column":5}},"line":663},"28":{"name":"(anonymous_28)","decl":{"start":{"line":674,"column":31},"end":{"line":674,"column":39}},"loc":{"start":{"line":674,"column":45},"end":{"line":674,"column":63}},"line":674},"29":{"name":"(anonymous_29)","decl":{"start":{"line":697,"column":8},"end":{"line":697,"column":24}},"loc":{"start":{"line":697,"column":24},"end":{"line":700,"column":null}},"line":697},"30":{"name":"(anonymous_30)","decl":{"start":{"line":708,"column":7},"end":{"line":708,"column":14}},"loc":{"start":{"line":708,"column":22},"end":{"line":713,"column":1}},"line":708}},"branchMap":{"0":{"loc":{"start":{"line":50,"column":19},"end":{"line":50,"column":29}},"type":"cond-expr","locations":[{"start":{"line":50,"column":24},"end":{"line":50,"column":28}},{"start":{"line":50,"column":28},"end":{"line":50,"column":29}}],"line":50},"1":{"loc":{"start":{"line":86,"column":2},"end":{"line":88,"column":null}},"type":"if","locations":[{"start":{"line":86,"column":2},"end":{"line":88,"column":null}},{"start":{},"end":{}}],"line":86},"2":{"loc":{"start":{"line":90,"column":2},"end":{"line":101,"column":null}},"type":"if","locations":[{"start":{"line":90,"column":2},"end":{"line":101,"column":null}},{"start":{"line":95,"column":9},"end":{"line":101,"column":null}}],"line":90},"3":{"loc":{"start":{"line":95,"column":9},"end":{"line":101,"column":null}},"type":"if","locations":[{"start":{"line":95,"column":9},"end":{"line":101,"column":null}},{"start":{"line":99,"column":9},"end":{"line":101,"column":null}}],"line":95},"4":{"loc":{"start":{"line":116,"column":19},"end":{"line":116,"column":null}},"type":"cond-expr","locations":[{"start":{"line":116,"column":42},"end":{"line":116,"column":56}},{"start":{"line":116,"column":56},"end":{"line":116,"column":null}}],"line":116},"5":{"loc":{"start":{"line":141,"column":8},"end":{"line":147,"column":null}},"type":"if","locations":[{"start":{"line":141,"column":8},"end":{"line":147,"column":null}},{"start":{},"end":{}}],"line":141},"6":{"loc":{"start":{"line":141,"column":12},"end":{"line":141,"column":50}},"type":"binary-expr","locations":[{"start":{"line":141,"column":12},"end":{"line":141,"column":29}},{"start":{"line":141,"column":29},"end":{"line":141,"column":50}}],"line":141},"7":{"loc":{"start":{"line":143,"column":12},"end":{"line":145,"column":null}},"type":"if","locations":[{"start":{"line":143,"column":12},"end":{"line":145,"column":null}},{"start":{},"end":{}}],"line":143},"8":{"loc":{"start":{"line":196,"column":24},"end":{"line":196,"column":null}},"type":"binary-expr","locations":[{"start":{"line":196,"column":24},"end":{"line":196,"column":41}},{"start":{"line":196,"column":46},"end":{"line":196,"column":null}}],"line":196},"9":{"loc":{"start":{"line":264,"column":8},"end":{"line":300,"column":null}},"type":"if","locations":[{"start":{"line":264,"column":8},"end":{"line":300,"column":null}},{"start":{},"end":{}}],"line":264},"10":{"loc":{"start":{"line":268,"column":10},"end":{"line":299,"column":null}},"type":"if","locations":[{"start":{"line":268,"column":10},"end":{"line":299,"column":null}},{"start":{},"end":{}}],"line":268},"11":{"loc":{"start":{"line":269,"column":12},"end":{"line":272,"column":null}},"type":"binary-expr","locations":[{"start":{"line":269,"column":12},"end":{"line":269,"column":null}},{"start":{"line":270,"column":12},"end":{"line":270,"column":null}},{"start":{"line":271,"column":12},"end":{"line":271,"column":null}},{"start":{"line":272,"column":12},"end":{"line":272,"column":null}}],"line":269},"12":{"loc":{"start":{"line":277,"column":35},"end":{"line":277,"column":62}},"type":"binary-expr","locations":[{"start":{"line":277,"column":35},"end":{"line":277,"column":58}},{"start":{"line":277,"column":58},"end":{"line":277,"column":62}}],"line":277},"13":{"loc":{"start":{"line":279,"column":18},"end":{"line":284,"column":null}},"type":"binary-expr","locations":[{"start":{"line":279,"column":18},"end":{"line":279,"column":36}},{"start":{"line":279,"column":36},"end":{"line":284,"column":null}}],"line":279},"14":{"loc":{"start":{"line":285,"column":18},"end":{"line":287,"column":null}},"type":"cond-expr","locations":[{"start":{"line":286,"column":18},"end":{"line":286,"column":null}},{"start":{"line":287,"column":18},"end":{"line":287,"column":null}}],"line":285},"15":{"loc":{"start":{"line":288,"column":18},"end":{"line":290,"column":null}},"type":"cond-expr","locations":[{"start":{"line":289,"column":18},"end":{"line":289,"column":null}},{"start":{"line":290,"column":18},"end":{"line":290,"column":null}}],"line":288},"16":{"loc":{"start":{"line":291,"column":18},"end":{"line":293,"column":null}},"type":"cond-expr","locations":[{"start":{"line":292,"column":18},"end":{"line":292,"column":null}},{"start":{"line":293,"column":18},"end":{"line":293,"column":null}}],"line":291},"17":{"loc":{"start":{"line":294,"column":18},"end":{"line":296,"column":null}},"type":"cond-expr","locations":[{"start":{"line":295,"column":18},"end":{"line":295,"column":null}},{"start":{"line":296,"column":18},"end":{"line":296,"column":null}}],"line":294},"18":{"loc":{"start":{"line":302,"column":8},"end":{"line":304,"column":null}},"type":"if","locations":[{"start":{"line":302,"column":8},"end":{"line":304,"column":null}},{"start":{},"end":{}}],"line":302},"19":{"loc":{"start":{"line":306,"column":8},"end":{"line":308,"column":null}},"type":"if","locations":[{"start":{"line":306,"column":8},"end":{"line":308,"column":null}},{"start":{},"end":{}}],"line":306},"20":{"loc":{"start":{"line":310,"column":8},"end":{"line":312,"column":null}},"type":"if","locations":[{"start":{"line":310,"column":8},"end":{"line":312,"column":null}},{"start":{},"end":{}}],"line":310},"21":{"loc":{"start":{"line":314,"column":8},"end":{"line":327,"column":null}},"type":"if","locations":[{"start":{"line":314,"column":8},"end":{"line":327,"column":null}},{"start":{},"end":{}}],"line":314},"22":{"loc":{"start":{"line":332,"column":30},"end":{"line":334,"column":null}},"type":"cond-expr","locations":[{"start":{"line":333,"column":12},"end":{"line":333,"column":null}},{"start":{"line":334,"column":12},"end":{"line":334,"column":null}}],"line":332},"23":{"loc":{"start":{"line":343,"column":33},"end":{"line":343,"column":null}},"type":"binary-expr","locations":[{"start":{"line":343,"column":33},"end":{"line":343,"column":54}},{"start":{"line":343,"column":54},"end":{"line":343,"column":null}}],"line":343},"24":{"loc":{"start":{"line":344,"column":37},"end":{"line":344,"column":null}},"type":"binary-expr","locations":[{"start":{"line":344,"column":37},"end":{"line":344,"column":54}},{"start":{"line":344,"column":54},"end":{"line":344,"column":null}}],"line":344},"25":{"loc":{"start":{"line":345,"column":28},"end":{"line":345,"column":null}},"type":"binary-expr","locations":[{"start":{"line":345,"column":28},"end":{"line":345,"column":44}},{"start":{"line":345,"column":44},"end":{"line":345,"column":null}}],"line":345},"26":{"loc":{"start":{"line":365,"column":28},"end":{"line":367,"column":null}},"type":"cond-expr","locations":[{"start":{"line":366,"column":10},"end":{"line":366,"column":null}},{"start":{"line":367,"column":10},"end":{"line":367,"column":null}}],"line":365},"27":{"loc":{"start":{"line":375,"column":29},"end":{"line":375,"column":null}},"type":"binary-expr","locations":[{"start":{"line":375,"column":29},"end":{"line":375,"column":46}},{"start":{"line":375,"column":46},"end":{"line":375,"column":null}}],"line":375},"28":{"loc":{"start":{"line":376,"column":29},"end":{"line":376,"column":null}},"type":"binary-expr","locations":[{"start":{"line":376,"column":29},"end":{"line":376,"column":50}},{"start":{"line":376,"column":50},"end":{"line":376,"column":null}}],"line":376},"29":{"loc":{"start":{"line":377,"column":33},"end":{"line":377,"column":null}},"type":"binary-expr","locations":[{"start":{"line":377,"column":33},"end":{"line":377,"column":50}},{"start":{"line":377,"column":50},"end":{"line":377,"column":null}}],"line":377},"30":{"loc":{"start":{"line":378,"column":24},"end":{"line":378,"column":null}},"type":"binary-expr","locations":[{"start":{"line":378,"column":24},"end":{"line":378,"column":40}},{"start":{"line":378,"column":40},"end":{"line":378,"column":null}}],"line":378},"31":{"loc":{"start":{"line":386,"column":28},"end":{"line":386,"column":null}},"type":"binary-expr","locations":[{"start":{"line":386,"column":28},"end":{"line":386,"column":46}},{"start":{"line":386,"column":46},"end":{"line":386,"column":null}}],"line":386},"32":{"loc":{"start":{"line":387,"column":26},"end":{"line":387,"column":null}},"type":"binary-expr","locations":[{"start":{"line":387,"column":26},"end":{"line":387,"column":42}},{"start":{"line":387,"column":42},"end":{"line":387,"column":null}}],"line":387},"33":{"loc":{"start":{"line":451,"column":10},"end":{"line":451,"column":null}},"type":"binary-expr","locations":[{"start":{"line":451,"column":10},"end":{"line":451,"column":24}},{"start":{"line":451,"column":24},"end":{"line":451,"column":null}}],"line":451},"34":{"loc":{"start":{"line":484,"column":8},"end":{"line":514,"column":null}},"type":"if","locations":[{"start":{"line":484,"column":8},"end":{"line":514,"column":null}},{"start":{},"end":{}}],"line":484},"35":{"loc":{"start":{"line":486,"column":10},"end":{"line":498,"column":null}},"type":"if","locations":[{"start":{"line":486,"column":10},"end":{"line":498,"column":null}},{"start":{},"end":{}}],"line":486},"36":{"l
[...]
6,"column":4},"end":{"line":480,"column":null}},"125":{"start":{"line":497,"column":29},"end":{"line":497,"column":null}},"126":{"start":{"line":499,"column":2},"end":{"line":519,"column":null}},"127":{"start":{"line":503,"column":4},"end":{"line":505,"column":null}},"128":{"start":{"line":504,"column":6},"end":{"line":504,"column":null}},"129":{"start":{"line":507,"column":19},"end":{"line":507,"column":null}},"130":{"start":{"line":508,"column":4},"end":{"line":508,"column":null}},"131":{"start":{"line":511,"column":4},"end":{"line":516,"column":null}},"132":{"start":{"line":512,"column":17},"end":{"line":512,"column":null}},"133":{"start":{"line":513,"column":6},"end":{"line":513,"column":null}},"134":{"start":{"line":518,"column":4},"end":{"line":518,"column":null}},"135":{"start":{"line":521,"column":2},"end":{"line":521,"column":null}}},"fnMap":{"0":{"name":"sleepSync","decl":{"start":{"line":100,"column":9},"end":{"line":100,"column":19}},"loc":{"start":{"line":100,"column":37},"end":{"line":105,"column":null}},"line":100},"1":{"name":"formatCliError","decl":{"start":{"line":113,"column":9},"end":{"line":113,"column":24}},"loc":{"start":{"line":113,"column":46},"end":{"line":117,"column":null}},"line":113},"2":{"name":"runTwitter","decl":{"start":{"line":132,"column":9},"end":{"line":132,"column":null}},"loc":{"start":{"line":135,"column":15},"end":{"line":223,"column":null}},"line":135},"3":{"name":"searchCacheKey","decl":{"start":{"line":232,"column":9},"end":{"line":232,"column":24}},"loc":{"start":{"line":232,"column":69},"end":{"line":234,"column":null}},"line":232},"4":{"name":"meCacheKey","decl":{"start":{"line":239,"column":9},"end":{"line":239,"column":20}},"loc":{"start":{"line":239,"column":45},"end":{"line":241,"column":null}},"line":239},"5":{"name":"resetClient","decl":{"start":{"line":246,"column":16},"end":{"line":246,"column":36}},"loc":{"start":{"line":246,"column":36},"end":{"line":248,"column":null}},"line":246},"6":{"name":"getMe","decl":{"start":{"line":256,"column":9},"end":{"line":256,"column":51}},"loc":{"start":{"line":256,"column":51},"end":{"line":270,"column":null}},"line":256},"7":{"name":"_resolveAccount","decl":{"start":{"line":275,"column":9},"end":{"line":275,"column":35}},"loc":{"start":{"line":275,"column":35},"end":{"line":282,"column":null}},"line":275},"8":{"name":"toTweetData","decl":{"start":{"line":289,"column":9},"end":{"line":289,"column":null}},"loc":{"start":{"line":292,"column":13},"end":{"line":320,"column":null}},"line":292},"9":{"name":"getTrendingPosts","decl":{"start":{"line":327,"column":16},"end":{"line":327,"column":null}},"loc":{"start":{"line":330,"column":15},"end":{"line":379,"column":null}},"line":330},"10":{"name":"(anonymous_10)","decl":{"start":{"line":337,"column":22},"end":{"line":337,"column":27}},"loc":{"start":{"line":337,"column":33},"end":{"line":337,"column":41}},"line":337},"11":{"name":"(anonymous_11)","decl":{"start":{"line":368,"column":26},"end":{"line":368,"column":31}},"loc":{"start":{"line":368,"column":37},"end":{"line":368,"column":61}},"line":368},"12":{"name":"mergeAndSort","decl":{"start":{"line":387,"column":16},"end":{"line":387,"column":29}},"loc":{"start":{"line":387,"column":69},"end":{"line":407,"column":null}},"line":387},"13":{"name":"(anonymous_13)","decl":{"start":{"line":400,"column":9},"end":{"line":400,"column":15}},"loc":{"start":{"line":400,"column":24},"end":{"line":404,"column":3}},"line":400},"14":{"name":"interactionScore","decl":{"start":{"line":409,"column":9},"end":{"line":409,"column":26}},"loc":{"start":{"line":409,"column":52},"end":{"line":418,"column":null}},"line":409},"15":{"name":"getTweetWithReplies","decl":{"start":{"line":426,"column":16},"end":{"line":426,"column":36}},"loc":{"start":{"line":426,"column":69},"end":{"line":439,"column":null}},"line":426},"16":{"name":"extractCommand","decl":{"start":{"line":447,"column":9},"end":{"line":447,"column":24}},"loc":{"start":{"line":447,"column":48},"end":{"line":452,"column":null}},"line":447},"17":{"name":"runTwitterMock","decl":{"start":{"line":459,"column":9},"end":{"line":459,"column":24}},"loc":{"start":{"line":459,"column":53},"end":{"line":482,"column":null}},"line":459},"18":{"name":"list","decl":{"start":{"line":493,"column":22},"end":{"line":493,"column":null}},"loc":{"start":{"line":496,"column":23},"end":{"line":522,"column":null}},"line":496}},"branchMap":{"0":{"loc":{"start":{"line":114,"column":2},"end":{"line":114,"column":null}},"type":"if","locations":[{"start":{"line":114,"column":2},"end":{"line":114,"column":null}},{"start":{},"end":{}}],"line":114},"1":{"loc":{"start":{"line":115,"column":2},"end":{"line":115,"column":null}},"type":"if","locations":[{"start":{"line":115,"column":2},"end":{"line":115,"column":null}},{"start":{},"end":{}}],"line":115},"2":{"loc":{"start":{"line":137,"column":2},"end":{"line":139,"column":null}},"type":"if","locations":[{"start":{"line":137,"column":2},"end":{"line":139,"column":null}},{"start":{},"end":{}}],"line":137},"3":{"loc":{"start":{"line":141,"column":18},"end":{"line":141,"column":null}},"type":"binary-expr","locations":[{"start":{"line":141,"column":18},"end":{"line":141,"column":38}},{"start":{"line":141,"column":38},"end":{"line":141,"column":null}}],"line":141},"4":{"loc":{"start":{"line":148,"column":4},"end":{"line":153,"column":null}},"type":"if","locations":[{"start":{"line":148,"column":4},"end":{"line":153,"column":null}},{"start":{},"end":{}}],"line":148},"5":{"loc":{"start":{"line":150,"column":8},"end":{"line":150,"column":null}},"type":"binary-expr","locations":[{"start":{"line":150,"column":8},"end":{"line":150,"column":36}},{"start":{"line":150,"column":36},"end":{"line":150,"column":null}}],"line":150},"6":{"loc":{"start":{"line":165,"column":6},"end":{"line":179,"column":null}},"type":"if","locations":[{"start":{"line":165,"column":6},"end":{"line":179,"column":null}},{"start":{},"end":{}}],"line":165},"7":{"loc":{"start":{"line":174,"column":8},"end":{"line":177,"column":null}},"type":"if","locations":[{"start":{"line":174,"column":8},"end":{"line":177,"column":null}},{"start":{},"end":{}}],"line":174},"8":{"loc":{"start":{"line":174,"column":12},"end":{"line":174,"column":75}},"type":"binary-expr","locations":[{"start":{"line":174,"column":12},"end":{"line":174,"column":53}},{"start":{"line":174,"column":53},"end":{"line":174,"column":75}}],"line":174},"9":{"loc":{"start":{"line":182,"column":6},"end":{"line":187,"column":null}},"type":"if","locations":[{"start":{"line":182,"column":6},"end":{"line":187,"column":null}},{"start":{},"end":{}}],"line":182},"10":{"loc":{"start":{"line":182,"column":10},"end":{"line":182,"column":65}},"type":"binary-expr","locations":[{"start":{"line":182,"column":10},"end":{"line":182,"column":41}},{"start":{"line":182,"column":41},"end":{"line":182,"column":65}}],"line":182},"11":{"loc":{"start":{"line":190,"column":6},"end":{"line":199,"column":null}},"type":"if","locations":[{"start":{"line":190,"column":6},"end":{"line":199,"column":null}},{"start":{},"end":{}}],"line":190},"12":{"loc":{"start":{"line":206,"column":49},"end":{"line":206,"column":null}},"type":"cond-expr","locations":[{"start":{"line":206,"column":77},"end":{"line":206,"column":96}},{"start":{"line":206,"column":96},"end":{"line":206,"column":null}}],"line":206},"13":{"loc":{"start":{"line":212,"column":6},"end":{"line":215,"column":null}},"type":"if","locations":[{"start":{"line":212,"column":6},"end":{"line":215,"column":null}},{"start":{},"end":{}}],"line":212},"14":{"loc":{"start":{"line":212,"column":10},"end":{"line":212,"column":66}},"type":"binary-expr","locations":[{"start":{"line":212,"column":10},"end":{"line":212,"column":44}},{"start":{"line":212,"column":44},"end":{"line":212,"column":66}}],"line":212},"15":{"loc":{"start":{"line":222,"column":8},"end":{"line":222,"column":null}},"type":"binary-expr","locations":[{"start":{"line":222,"column":8},"end":{"line":222,"column":21}},{"start":{"line":222,"column":21},"end":{"line":222,"column":null}}],"line":222},"16":{"loc":{"start":{"line":260,"column":2},"end":{"line":260,"column":null}},"type":"if","locations":[{"start":{"line":260,"column":2},"end":{"line":260,"column":null}},{"start":{},"end":{}}],"line":260},"17":{"loc":{"start":{"line":278,"column":11},"end":{"line":278,"column":null}},"type":"binary-expr","locations":[{"start":{"line":278,"column":11},"end":{"line":278,"column":33}},{"start":{"line":278,"column":33},"end":{"line":278,"column":null}}],"line":278},"18":{"loc":{"start":{"line":293,"column":17},"end":{"line":299,"column":null}},"type":"cond-expr","locations":[{"start":{"line":294,"column":6},"end":{"line":298,"column":null}},{"start":{"line":299,"column":6},"end":{"line":299,"column":null}}],"line":293},"19":{"loc":{"start":{"line":303,"column":27},"end":{"line":303,"column":null}},"type":"cond-expr","locations":[{"start":{"line":303,"column":44},"end":{"line":303,"column":55}},{"start":{"line":303,"column":55},"end":{"line":303,"column":null}}],"line":303},"20":{"loc":{"start":{"line":311,"column":20},"end":{"line":311,"column":null}},"type":"binary-expr","locations":[{"start":{"line":311,"column":20},"end":{"line":311,"column":46}},{"start":{"line":311,"column":46},"end":{"line":311,"column":null}}],"line":311},"21":{"loc":{"start":{"line":312,"column":18},"end":{"line":312,"column":null}},"type":"binary-expr","locations":[{"start":{"line":312,"column":18},"end":{"line":312,"column":43}},{"start":{"line":312,"column":43},"end":{"line":312,"column":null}}],"line":312},"22":{"loc":{"start":{"line":313,"column":17},"end":{"line":313,"column":null}},"type":"binary-expr","locations":[{"start":{"line":313,"column":17},"end":{"line":313,"column":40}},{"start":{"line":313,"column":40},"end":{"line":313,"column":null}}],"line":313},"23":{"loc":{"start":{"line":314,"column":18},"end":{"line":314,"column":null}},"type":"binary-expr","locations":[{"start":{"line":314,"column":18},"end":{"line":314,"column":42}},{"start":{"line":314,"column":42},"end":{"line":314,"column":null}}],"line":314},"24":{"loc":{"start":{"line":332,"column":4},"end":{"line":332,"column":null}},"type":"cond-expr","locations":[{"start":{"line":332,"column":38},"end":{"line":332,"column":49}},{"start":{"line":332,"column":49},"end":{"line":332,"column":null}}],"line":332},"25":{"loc":{"start":{"line":332,"column":4},"end":{"line":332,"column":38}},"type":"binary-expr","locations":[{"start":{"line":332,"column":4},"end":{"line":332,"column":16}},{"start":{"line":332,"column":16},"end":{"line":332,"column":38}}],"line":332},"26":{"loc":{"start":{"line":334,"column":2},"end":{"line":334,"column":null}},"type":"if","locations":[{"start":{"line":334,"column":2},"end":{"line":334,"column":null}},{"start":{},"end":{}}],"line":334},"27":{"loc":{"start":{"line":343,"column":2},"end":{"line":343,"column":null}},"type":"if","locations":[{"start":{"line":343,"column":2},"end":{"line":343,"column":null}},{"start":{},"end":{}}],"line":343},"28":{"loc":{"start":{"line":362,"column":4},"end":{"line":365,"column":null}},"type":"if","locations":[{"start":{"line":362,"column":4},"end":{"line":365,"column":null}},{"start":{},"end":{}}],"line":362},"29":{"loc":{"start":{"line":393,"column":6},"end":{"line":393,"column":null}},"type":"if","locations":[{"start":{"line":393,"column":6},"end":{"line":393,"column":null}},{"start":{},"end":{}}],"line":393},"30":{"loc":{"start":{"line":411,"column":2},"end":{"line":411,"column":null}},"type":"if","locations":[{"start":{"line":411,"column":2},"end":{"line":411,"column":null}},{"start":{},"end":{}}],"line":411},"31":{"loc":{"start":{"line":430,"column":4},"end":{"line":433,"column":null}},"type":"if","locations":[{"start":{"line":430,"column":4},"end":{"line":433,"column":null}},{"start":{},"end":{}}],"line":430},"32":{"loc":{"start":{"line":449,"column":4},"end":{"line":449,"column":null}},"type":"if","locations":[{"start":{"line":449,"column":4},"end":{"line":449,"column":null}},{"start":{},"end":{}}],"line":449},"33":{"loc":{"start":{"line":503,"column":4},"end":{"line":505,"column":null}},"type":"if","locations":[{"start":{"line":503,"column":4},"end":{"line":505,"column":null}},{"start":{},"end":{}}],"line":503},"34":{"loc":{"start":{"line":503,"column":8},"end":{"line":503,"column":65}},"type":"binary-expr","locations":[{"start":{"line":503,"column":8},"end":{"line":503,"column":23}},{"start":{"line":503,"column":23},"end":{"line":503,"column":65}}],"line":503}},"s":{"0":3,"1":3,"2":9,"3":9,"4":0,"5":0,"6":0,"7":16,"8":4,"9":12,"10":16,"11":16,"12":16,"13":16,"14":16,"15":15,"16":3,"17":3,"18":3,"19":15,"20":15,"21":15,"22":15,"23":5,"24":5,"25":3,"26":3,"27":2,"28":10,"29":2,"30":8,"31":4,"32":4,"33":4,"34":4,"35":1,"36":9,"37":0,"38":0,"39":9,"40":0,"41":3,"42":10,"43":2,"44":0,"45":2,"46":2,"47":2,"48":2,"49":0,"50":2,"51":2,"52":2,"53":2,"54":2,"55":2,"56":12,"57":12,"58":12,"59":12,"60":7,"61":7,"62":7,"63":7,"64":10,"65":10,"66":0,"67":10,"68":11,"69":10,"70":10,"71":10,"72":10,"73":0,"74":10,"75":10,"76":10,"77":10,"78":0,"79":0,"80":4,"81":4,"82":7,"83":4,"84":4,"85":4,"86":6,"87":6,"88":8,"89":8,"90":8,"91":11,"92":16,"93":1,"94":15,"95":15,"96":8,"97":10,"98":10,"99":10,"100":8,"101":20,"102":20,"103":6,"104":14,"105":4,"106":4,"107":4,"108":4,"109":0,"110":0,"111":1,"112":3,"113":3,"114":4,"115":4,"116":4,"117":0,"118":4,"119":4,"120":4,"121":4,"122":4,"123":0,"124":0,"125":2,"126":2,"127":2,"128":1,"129":2,"130":2,"131":2,"132":2,"133":2,"134":0,"135":2},"f":{"0":3,"1":9,"2":16,"3":10,"4":2,"5":0,"6":2,"7":12,"8":7,"9":10,"10":11,"11":7,"12":8,"13":10,"14":20,"15":4,"16":4,"17":4,"18":2},"b":{"0":[9,0],"1":[0,0],"2":[4,12],"3":[12,12],"4":[3,12],"5":[3,0],"6":[5,10],"7":[3,2],"8":[5,4],"9":[2,8],"10":[10,2],"11":[4,4],"12":[1,0],"13":[0,9],"14":[9,1],"15":[0,0],"16":[0,2],"17":[12,0],"18":[7,0],"19":[2,5],"20":[7,0],"21":[7,0],"22":[7,0],"23":[7,0],"24":[1,9],"25":[10,1],"26":[0,10],"27":[0,10],"28":[0,10],"29":[1,15],"30":[6,14],"31":[0,4],"32":[4,0],"33":[1,1],"34":[2,1]},"meta":{"lastBranch":35,"lastFunction":19,"lastStatement":136,"seen":{"f:100:9:100:19":0,"s:101:19:101:Infinity":0,"s:102:2:104:Infinity":1,"f:113:9:113:24":1,"b:114:2:114:Infinity:undefined:undefined:undefined:undefined":0,"s:114:2:114:Infinity":2,"s:114:31:114:Infinity":3,"b:115:2:115:Infinity:undefined:undefined:undefined:undefined":1,"s:115:2:115:Infinity":4,"s:115:28:115:Infinity":5,"s:116:2:116:Infinity":6,"f:132:9:132:Infinity":2,"b:137:2:139:Infinity:undefined:undefined:undefined:undefined":2,"s:137:2:139:Infinity":7,"s:138:4:138:Infinity":8,"s:141:18:141:Infinity":9,"b:141:18:141:38:141:38:141:Infinity":3,"s:142:21:142:Infinity":10,"s:143:22:143:Infinity":11,"s:144:35:144:Infinity":12,"s:146:2:219:Infinity":13,"s:146:21:146:24":14,"b:148:4:153:Infinity:undefined:undefined:undefined:undefined":4,"s:148:4:153:Infinity":15,"s:150:8:150:Infinity":16,"b:150:8:150:36:150:36:150:Infinity":5,"s:151:6:151:Infinity":17,"s:152:6:152:Infinity":18,"s:155:4:218:Infinity":19,"s:156:6:156:Infinity":20,"s:157:21:162:Infinity":21,"b:165:6:179:Infinity:undefined:undefined:undefined:undefined":6,"s:165:6:179:Infinity":22,"s:166:27:171:Infinity":23,"b:174:8:177:Infinity:undefined:undefined:undefined:undefined":7,"s:174:8:177:Infinity":24,"b:174:12:174:53:174:53:174:75":8,"s:175:10:175:Infinity":25,"s:176:10:176:Infinity":26,"s:178:8:178:Infinity":27,"b:182:6:187:Infinity:undefined:undefined:undefined:undefined":9,"s:182:6:187:Infinity":28,"b:182:10:182:41:182:41:182:65":10,"s:183:8:186:Infinity":29,"b:190:6:199:Infinity:undefined:undefined:undefined:undefined":11,"s:190:6:199:Infinity":30,"s:191:27:196:Infinity":31,"s:198:8:198:Infinity":32,"s:202:6:208:Infinity":33,"s:203:8:203:Infinity":34,"s:205:8:207:Infinity":35,"b:206:77:206:96:206:96:206:Infinity":12,"b:212:6:215:Infinity:undefined:undefined:undefined:undefined":13,"s:212:6:215:Infinity":36,"b:212:10:212:44:212:44:212:66":14,"s:213:8:213:Infinity":37,"s:214:8:214:Infinity":38,"s:217:6:217:Infinity":39,"s:222:2:222:Infinity":40,"b:222:8:222:21:222:21:222:Infinity":15,"s:227:26:227:Infinity":41,"f:232:9:232:24":3,"s:233:2:233:Infinity":42,"f:239:9:239:20":4,"s:240:2:240:Infinity":43,"f:246:16:246:36":5,"s:247:2:247:Infinity":44,"f:256:9:256:51":6,"s:257:18:257:Infinity":45,"s:258:14:258:Infinity":46,"s:259:17:259:Infinity":47,"b:260:2:260:Infinity:undefined:undefined:undefined:undefined":16,"s:260:2:260:Infinity":48,"s:260:14:260:Infinity":49,"s:262:2:262:Infinity":50,"s:263:17:263:Infinity":51,"s:264:15:264:Infinity":52,"s:267:13:267:Infinity":53,"s:268:2:268:Infinity":54,"s:269:2:269:Infinity":55,"f:275:9:275:35":7,"s:276:2:281:Infinity":56,"s:277:33:277:Infinity":57,"s:278:4:278:Infinity":58,"b:278:11:278:33:278:33:278:Infinity":17,"s:280:4:280:Infinity":59,"f:289:9:289:Infinity":8,"s:293:17:299:Infinity":60,"b:294:6:298:Infinity:299:6:299:Infinity":18,"s:302:25:302:Infinity":61,"s:303:27:303:Infinity":62,"b:303:44:303:55:303:55:303:Infinity":19,"s:305:2:319:Infinity":63,"b:311:20:311:46:311:46:311:Infinity":20,"b:312:18:312:43:312:43:312:Infinity":21,"b:313:17:313:40:313:40:313:Infinity":22,"b:314:18:314:42:314:42:314:Infinity":23,"f:327:16:327:Infinity":9,"s:332:4:332:Infinity":64,"b:332:38:332:49:332:49:332:Infinity":24,"b:332:4:332:16:332:16:332:38":25,"b:334:2:334:Infinity:undefined:undefined:undefined:undefined":26,"s:334:2:334:Infinity":65,"s:334:26:334:Infinity":66,"s:337:16:337:Infinity":67,"f:337:22:337:27":10,"s:337:33:337:41":68,"s:340:18:340:Infinity":69,"s:341:19:341:Infinity":70,"s:342:17:342:Infinity":71,"b:343:2:343:Infinity:undefined:undefined:undefined:undefined":27,"s:343:2:343:Infinity":72,"s:343:14:343:Infinity":73,"s:345:2:345:Infinity":74,"s:347:2:378:Infinity":75,"s:348:19:360:Infinity":76,"b:362:4:365:Infinity:undefined:undefined:undefined:undefined":28,"s:362:4:365:Infinity":77,"s:363:6:363:Infinity":78,"s:364:6:364:Infinity":79,"s:367:19:367:Infinity":80,"s:368:19:368:Infinity":81,"f:368:26:368:31":11,"s:368:37:368:61":82,"s:369:4:369:Infinity":83,"s:372:4:372:Infinity":84,"s:374:4:374:Infinity":85,"s:376:4:376:Infinity":86,"s:377:4:377:Infinity":87,"f:387:16:387:29":12,"s:388:15:388:Infinity":88,"s:389:30:389:Infinity":89,"s:391:2:397:Infinity":90,"s:392:4:396:Infinity":91,"b:393:6:393:Infinity:undefined:undefined:undefined:undefined":29,"s:393:6:393:Infinity":92,"s:393:30:393:Infinity":93,"s:394:6:394:Infinity":94,"s:395:6:395:Infinity":95,"s:400:2:404:Infinity":96,"f:400:9:400:15":13,"s:401:19:401:Infinity":97,"s:402:19:402:Infinity":98,"s:403:4:403:Infinity":99,"s:406:2:406:Infinity":100,"f:409:9:409:26":14,"s:410:18:410:Infinity":101,"b:411:2:411:Infinity:undefined:undefined:undefined:undefined":30,"s:411:2:411:Infinity":102,"s:411:16:411:Infinity":103,"s:412:2:416:Infinity":104,"f:426:16:426:36":15,"s:427:2:427:Infinity":105,"s:428:2:438:Infinity":106,"s:429:19:429:Infinity":107,"b:430:4:433:Infinity:undefined:undefined:undefined:undefined":31,"s:430:4:433:Infinity":108,"s:431:6:431:Infinity":109,"s:432:6:432:Infinity":110,"s:434:4:434:Infinity":111,"s:436:4:436:Infinity":112,"s:437:4:437:Infinity":113,"f:447:9:447:24":16,"s:448:2:450:Infinity":114,"b:449:4:449:Infinity:undefined:undefined:undefined:undefined":32,"s:449:4:449:Infinity":115,"s:449:30:449:Infinity":116,"s:451:2:451:Infinity":117,"f:459:9:459:24":17,"s:460:18:460:Infinity":118,"s:462:22:467:Infinity":119,"s:469:2:481:Infinity":120,"s:470:16:470:Infinity":121,"s:471:4:471:Infinity":122,"s:473:4:475:Infinity":123,"s:476:4:480:Infinity":124,"f:493:22:493:Infinity":18,"s:497:29:497:Infinity":125,"s:499:2:519:Infinity":126,"b:503:4:505:Infinity:undefined:undefined:undefined:undefined":33,"s:503:4:505:Infinity":127,"b:503:8:503:23:503:23:503:65":34,"s:504:6:504:Infinity":128,"s:507:19:507:Infinity":129,"s:508:4:508:Infinity":130,"s:511:4:516:Infinity":131,"s:512:17:512:Infinity":132,"s:513:6:513:Infinity":133,"s:518:4:518:Infinity":134,"s:521:2:521:Infinity":135},"fnNames":{}}}
}
